{"D:\\GEEKBRAIN University\\ОБУЧЕНИЕ\\VUE.JS_Курс\\project_vue_2\\.eslintrc.js": {"path":"D:\\GEEKBRAIN University\\ОБУЧЕНИЕ\\VUE.JS_Курс\\project_vue_2\\.eslintrc.js","statementMap":{"0":{"start":{"line":1,"column":0},"end":{"line":17,"column":1}}},"fnMap":{},"branchMap":{"0":{"loc":{"start":{"line":14,"column":18},"end":{"line":14,"column":72}},"type":"cond-expr","locations":[{"start":{"line":14,"column":58},"end":{"line":14,"column":64}},{"start":{"line":14,"column":67},"end":{"line":14,"column":72}}],"line":14},"1":{"loc":{"start":{"line":15,"column":19},"end":{"line":15,"column":73}},"type":"cond-expr","locations":[{"start":{"line":15,"column":59},"end":{"line":15,"column":65}},{"start":{"line":15,"column":68},"end":{"line":15,"column":73}}],"line":15}},"s":{"0":0},"f":{},"b":{"0":[0,0],"1":[0,0]}}
,"D:\\GEEKBRAIN University\\ОБУЧЕНИЕ\\VUE.JS_Курс\\project_vue_2\\babel.config.js": {"path":"D:\\GEEKBRAIN University\\ОБУЧЕНИЕ\\VUE.JS_Курс\\project_vue_2\\babel.config.js","statementMap":{"0":{"start":{"line":1,"column":0},"end":{"line":5,"column":1}}},"fnMap":{},"branchMap":{},"s":{"0":0},"f":{},"b":{}}
,"D:\\GEEKBRAIN University\\ОБУЧЕНИЕ\\VUE.JS_Курс\\project_vue_2\\src\\App.vue": {"path":"D:\\GEEKBRAIN University\\ОБУЧЕНИЕ\\VUE.JS_Курс\\project_vue_2\\src\\App.vue","statementMap":{"0":{"start":{"line":38,"column":0},"end":{"line":38,"column":null}},"1":{"start":{"line":39,"column":0},"end":{"line":39,"column":null}},"2":{"start":{"line":40,"column":0},"end":{"line":40,"column":null}},"3":{"start":{"line":41,"column":0},"end":{"line":41,"column":null}},"4":{"start":{"line":46,"column":0},"end":{"line":46,"column":null}},"5":{"start":{"line":62,"column":0},"end":{"line":62,"column":null}},"6":{"start":{"line":65,"column":0},"end":{"line":65,"column":null}},"7":{"start":{"line":66,"column":0},"end":{"line":66,"column":null}},"8":{"start":{"line":69,"column":0},"end":{"line":69,"column":null}},"9":{"start":{"line":70,"column":0},"end":{"line":70,"column":null}},"10":{"start":{"line":73,"column":0},"end":{"line":73,"column":null}},"11":{"start":{"line":74,"column":0},"end":{"line":74,"column":null}},"12":{"start":{"line":78,"column":0},"end":{"line":78,"column":null}},"13":{"start":{"line":79,"column":0},"end":{"line":79,"column":null}},"14":{"start":{"line":82,"column":0},"end":{"line":82,"column":null}},"15":{"start":{"line":83,"column":0},"end":{"line":83,"column":null}}},"fnMap":{"0":{"name":"(anonymous_1)","decl":{"start":{"line":45,"column":0},"end":{"line":45,"column":null}},"loc":{"start":{"line":45,"column":0},"end":{"line":53,"column":null}}},"1":{"name":"(anonymous_2)","decl":{"start":{"line":61,"column":0},"end":{"line":61,"column":null}},"loc":{"start":{"line":61,"column":0},"end":{"line":63,"column":null}}},"2":{"name":"(anonymous_3)","decl":{"start":{"line":64,"column":0},"end":{"line":64,"column":null}},"loc":{"start":{"line":64,"column":0},"end":{"line":67,"column":null}}},"3":{"name":"(anonymous_4)","decl":{"start":{"line":68,"column":0},"end":{"line":68,"column":null}},"loc":{"start":{"line":68,"column":0},"end":{"line":71,"column":null}}},"4":{"name":"(anonymous_5)","decl":{"start":{"line":72,"column":0},"end":{"line":72,"column":null}},"loc":{"start":{"line":72,"column":0},"end":{"line":75,"column":null}}},"5":{"name":"(anonymous_6)","decl":{"start":{"line":77,"column":0},"end":{"line":77,"column":null}},"loc":{"start":{"line":77,"column":0},"end":{"line":80,"column":null}}},"6":{"name":"(anonymous_7)","decl":{"start":{"line":81,"column":0},"end":{"line":81,"column":null}},"loc":{"start":{"line":81,"column":0},"end":{"line":84,"column":null}}}},"branchMap":{},"s":{"0":0,"1":0,"2":0,"3":0,"4":0,"5":0,"6":0,"7":0,"8":0,"9":0,"10":0,"11":0,"12":0,"13":0,"14":0,"15":0},"f":{"0":0,"1":0,"2":0,"3":0,"4":0,"5":0,"6":0},"b":{}}
,"D:\\GEEKBRAIN University\\ОБУЧЕНИЕ\\VUE.JS_Курс\\project_vue_2\\src\\AppMain.vue": {"path":"D:\\GEEKBRAIN University\\ОБУЧЕНИЕ\\VUE.JS_Курс\\project_vue_2\\src\\AppMain.vue","statementMap":{"0":{"start":{"line":37,"column":0},"end":{"line":37,"column":null}},"1":{"start":{"line":38,"column":0},"end":{"line":38,"column":null}},"2":{"start":{"line":39,"column":0},"end":{"line":39,"column":null}},"3":{"start":{"line":40,"column":0},"end":{"line":40,"column":null}},"4":{"start":{"line":46,"column":0},"end":{"line":46,"column":null}},"5":{"start":{"line":72,"column":0},"end":{"line":72,"column":null}},"6":{"start":{"line":83,"column":0},"end":{"line":83,"column":null}},"7":{"start":{"line":89,"column":0},"end":{"line":89,"column":null}},"8":{"start":{"line":92,"column":0},"end":{"line":92,"column":null}},"9":{"start":{"line":93,"column":0},"end":{"line":93,"column":null}},"10":{"start":{"line":107,"column":0},"end":{"line":107,"column":null}}},"fnMap":{"0":{"name":"(anonymous_1)","decl":{"start":{"line":45,"column":0},"end":{"line":45,"column":null}},"loc":{"start":{"line":45,"column":0},"end":{"line":53,"column":null}}},"1":{"name":"(anonymous_2)","decl":{"start":{"line":71,"column":0},"end":{"line":71,"column":null}},"loc":{"start":{"line":71,"column":0},"end":{"line":73,"column":null}}},"2":{"name":"(anonymous_3)","decl":{"start":{"line":82,"column":0},"end":{"line":82,"column":null}},"loc":{"start":{"line":82,"column":0},"end":{"line":87,"column":null}}},"3":{"name":"(anonymous_4)","decl":{"start":{"line":83,"column":0},"end":{"line":83,"column":null}},"loc":{"start":{"line":83,"column":0},"end":{"line":83,"column":null}}},"4":{"name":"(anonymous_5)","decl":{"start":{"line":88,"column":0},"end":{"line":88,"column":null}},"loc":{"start":{"line":88,"column":0},"end":{"line":90,"column":null}}},"5":{"name":"(anonymous_6)","decl":{"start":{"line":91,"column":0},"end":{"line":91,"column":null}},"loc":{"start":{"line":91,"column":0},"end":{"line":94,"column":null}}},"6":{"name":"(anonymous_7)","decl":{"start":{"line":97,"column":0},"end":{"line":97,"column":null}},"loc":{"start":{"line":97,"column":0},"end":{"line":108,"column":null}}}},"branchMap":{},"s":{"0":0,"1":0,"2":0,"3":0,"4":0,"5":0,"6":0,"7":0,"8":0,"9":0,"10":0},"f":{"0":0,"1":0,"2":0,"3":0,"4":0,"5":0,"6":0},"b":{}}
,"D:\\GEEKBRAIN University\\ОБУЧЕНИЕ\\VUE.JS_Курс\\project_vue_2\\src\\main.js": {"path":"D:\\GEEKBRAIN University\\ОБУЧЕНИЕ\\VUE.JS_Курс\\project_vue_2\\src\\main.js","statementMap":{"0":{"start":{"line":12,"column":0},"end":{"line":12,"column":21}},"1":{"start":{"line":13,"column":0},"end":{"line":13,"column":21}},"2":{"start":{"line":15,"column":0},"end":{"line":15,"column":33}},"3":{"start":{"line":18,"column":0},"end":{"line":23,"column":18}},"4":{"start":{"line":19,"column":16},"end":{"line":19,"column":22}}},"fnMap":{"0":{"name":"(anonymous_0)","decl":{"start":{"line":19,"column":11},"end":{"line":19,"column":12}},"loc":{"start":{"line":19,"column":16},"end":{"line":19,"column":22}},"line":19}},"branchMap":{},"s":{"0":0,"1":0,"2":0,"3":0,"4":0},"f":{"0":0},"b":{}}
,"D:\\GEEKBRAIN University\\ОБУЧЕНИЕ\\VUE.JS_Курс\\project_vue_2\\src\\components\\AddCostsForm.vue": {"path":"D:\\GEEKBRAIN University\\ОБУЧЕНИЕ\\VUE.JS_Курс\\project_vue_2\\src\\components\\AddCostsForm.vue","statementMap":{"0":{"start":{"line":105,"column":0},"end":{"line":105,"column":null}},"1":{"start":{"line":110,"column":0},"end":{"line":110,"column":null}},"2":{"start":{"line":120,"column":0},"end":{"line":120,"column":null}},"3":{"start":{"line":127,"column":0},"end":{"line":127,"column":null}},"4":{"start":{"line":128,"column":0},"end":{"line":128,"column":null}},"5":{"start":{"line":134,"column":0},"end":{"line":134,"column":null}},"6":{"start":{"line":137,"column":0},"end":{"line":137,"column":null}},"7":{"start":{"line":138,"column":0},"end":{"line":138,"column":null}},"8":{"start":{"line":139,"column":0},"end":{"line":139,"column":null}},"9":{"start":{"line":140,"column":0},"end":{"line":140,"column":null}},"10":{"start":{"line":143,"column":0},"end":{"line":143,"column":null}},"11":{"start":{"line":150,"column":0},"end":{"line":150,"column":null}},"12":{"start":{"line":155,"column":0},"end":{"line":155,"column":null}},"13":{"start":{"line":158,"column":0},"end":{"line":158,"column":null}},"14":{"start":{"line":163,"column":0},"end":{"line":163,"column":null}},"15":{"start":{"line":164,"column":0},"end":{"line":164,"column":null}},"16":{"start":{"line":165,"column":0},"end":{"line":165,"column":null}},"17":{"start":{"line":166,"column":0},"end":{"line":166,"column":null}},"18":{"start":{"line":167,"column":0},"end":{"line":167,"column":null}},"19":{"start":{"line":170,"column":0},"end":{"line":170,"column":null}},"20":{"start":{"line":174,"column":0},"end":{"line":174,"column":null}}},"fnMap":{"0":{"name":"(anonymous_1)","decl":{"start":{"line":109,"column":0},"end":{"line":109,"column":null}},"loc":{"start":{"line":109,"column":0},"end":{"line":117,"column":null}}},"1":{"name":"(anonymous_2)","decl":{"start":{"line":119,"column":0},"end":{"line":119,"column":null}},"loc":{"start":{"line":119,"column":0},"end":{"line":121,"column":null}}},"2":{"name":"(anonymous_3)","decl":{"start":{"line":126,"column":0},"end":{"line":126,"column":null}},"loc":{"start":{"line":126,"column":0},"end":{"line":135,"column":null}}},"3":{"name":"(anonymous_4)","decl":{"start":{"line":136,"column":0},"end":{"line":136,"column":null}},"loc":{"start":{"line":136,"column":0},"end":{"line":141,"column":null}}},"4":{"name":"(anonymous_5)","decl":{"start":{"line":142,"column":0},"end":{"line":142,"column":null}},"loc":{"start":{"line":142,"column":0},"end":{"line":144,"column":null}}},"5":{"name":"(anonymous_6)","decl":{"start":{"line":149,"column":0},"end":{"line":149,"column":null}},"loc":{"start":{"line":149,"column":0},"end":{"line":151,"column":null}}},"6":{"name":"(anonymous_7)","decl":{"start":{"line":154,"column":0},"end":{"line":154,"column":null}},"loc":{"start":{"line":154,"column":0},"end":{"line":156,"column":null}}},"7":{"name":"(anonymous_8)","decl":{"start":{"line":157,"column":0},"end":{"line":157,"column":null}},"loc":{"start":{"line":157,"column":0},"end":{"line":159,"column":null}}},"8":{"name":"(anonymous_9)","decl":{"start":{"line":162,"column":0},"end":{"line":162,"column":null}},"loc":{"start":{"line":162,"column":0},"end":{"line":168,"column":null}}},"9":{"name":"(anonymous_10)","decl":{"start":{"line":169,"column":0},"end":{"line":169,"column":null}},"loc":{"start":{"line":169,"column":0},"end":{"line":171,"column":null}}},"10":{"name":"(anonymous_11)","decl":{"start":{"line":173,"column":0},"end":{"line":173,"column":null}},"loc":{"start":{"line":173,"column":0},"end":{"line":175,"column":null}}}},"branchMap":{"0":{"loc":{"start":{"line":130,"column":0},"end":{"line":130,"column":null}},"type":"binary-expr","locations":[{"start":{"line":130,"column":0},"end":{"line":130,"column":null}},{"start":{"line":130,"column":0},"end":{"line":130,"column":null}}]}},"s":{"0":1,"1":1,"2":0,"3":0,"4":0,"5":0,"6":0,"7":0,"8":0,"9":0,"10":0,"11":0,"12":0,"13":0,"14":0,"15":0,"16":0,"17":0,"18":0,"19":1,"20":1},"f":{"0":1,"1":0,"2":0,"3":0,"4":0,"5":0,"6":0,"7":0,"8":0,"9":1,"10":1},"b":{"0":[0,0]}}
,"D:\\GEEKBRAIN University\\ОБУЧЕНИЕ\\VUE.JS_Курс\\project_vue_2\\src\\components\\CostsTable.vue": {"path":"D:\\GEEKBRAIN University\\ОБУЧЕНИЕ\\VUE.JS_Курс\\project_vue_2\\src\\components\\CostsTable.vue","statementMap":{"0":{"start":{"line":68,"column":0},"end":{"line":68,"column":null}},"1":{"start":{"line":69,"column":0},"end":{"line":69,"column":null}},"2":{"start":{"line":78,"column":0},"end":{"line":78,"column":null}},"3":{"start":{"line":83,"column":0},"end":{"line":83,"column":null}},"4":{"start":{"line":90,"column":0},"end":{"line":90,"column":null}},"5":{"start":{"line":107,"column":0},"end":{"line":107,"column":null}},"6":{"start":{"line":108,"column":0},"end":{"line":116,"column":null}},"7":{"start":{"line":112,"column":0},"end":{"line":112,"column":null}},"8":{"start":{"line":113,"column":0},"end":{"line":113,"column":null}},"9":{"start":{"line":119,"column":0},"end":{"line":119,"column":null}},"10":{"start":{"line":120,"column":0},"end":{"line":120,"column":null}},"11":{"start":{"line":121,"column":0},"end":{"line":121,"column":null}},"12":{"start":{"line":125,"column":0},"end":{"line":125,"column":null}},"13":{"start":{"line":128,"column":0},"end":{"line":128,"column":null}},"14":{"start":{"line":131,"column":0},"end":{"line":131,"column":null}},"15":{"start":{"line":138,"column":0},"end":{"line":138,"column":null}},"16":{"start":{"line":150,"column":0},"end":{"line":150,"column":null}},"17":{"start":{"line":151,"column":0},"end":{"line":151,"column":null}},"18":{"start":{"line":158,"column":0},"end":{"line":158,"column":null}},"19":{"start":{"line":159,"column":0},"end":{"line":159,"column":null}},"20":{"start":{"line":160,"column":0},"end":{"line":160,"column":null}},"21":{"start":{"line":161,"column":0},"end":{"line":161,"column":null}},"22":{"start":{"line":165,"column":0},"end":{"line":165,"column":null}},"23":{"start":{"line":166,"column":0},"end":{"line":193,"column":null}},"24":{"start":{"line":167,"column":0},"end":{"line":192,"column":null}},"25":{"start":{"line":168,"column":0},"end":{"line":168,"column":null}},"26":{"start":{"line":169,"column":0},"end":{"line":171,"column":null}},"27":{"start":{"line":170,"column":0},"end":{"line":170,"column":null}},"28":{"start":{"line":172,"column":0},"end":{"line":181,"column":null}},"29":{"start":{"line":173,"column":0},"end":{"line":173,"column":null}},"30":{"start":{"line":182,"column":0},"end":{"line":182,"column":null}},"31":{"start":{"line":183,"column":0},"end":{"line":183,"column":null}},"32":{"start":{"line":185,"column":0},"end":{"line":185,"column":null}},"33":{"start":{"line":190,"column":0},"end":{"line":190,"column":null}},"34":{"start":{"line":191,"column":0},"end":{"line":191,"column":null}},"35":{"start":{"line":196,"column":0},"end":{"line":213,"column":null}},"36":{"start":{"line":197,"column":0},"end":{"line":197,"column":null}},"37":{"start":{"line":198,"column":0},"end":{"line":198,"column":null}},"38":{"start":{"line":199,"column":0},"end":{"line":199,"column":null}},"39":{"start":{"line":200,"column":0},"end":{"line":200,"column":null}},"40":{"start":{"line":201,"column":0},"end":{"line":201,"column":null}},"41":{"start":{"line":208,"column":0},"end":{"line":208,"column":null}}},"fnMap":{"0":{"name":"(anonymous_1)","decl":{"start":{"line":78,"column":0},"end":{"line":78,"column":null}},"loc":{"start":{"line":78,"column":0},"end":{"line":78,"column":null}}},"1":{"name":"(anonymous_2)","decl":{"start":{"line":83,"column":0},"end":{"line":83,"column":null}},"loc":{"start":{"line":83,"column":0},"end":{"line":83,"column":null}}},"2":{"name":"(anonymous_3)","decl":{"start":{"line":89,"column":0},"end":{"line":89,"column":null}},"loc":{"start":{"line":89,"column":0},"end":{"line":99,"column":null}}},"3":{"name":"(anonymous_4)","decl":{"start":{"line":106,"column":0},"end":{"line":106,"column":null}},"loc":{"start":{"line":106,"column":0},"end":{"line":126,"column":null}}},"4":{"name":"(anonymous_5)","decl":{"start":{"line":111,"column":0},"end":{"line":111,"column":null}},"loc":{"start":{"line":111,"column":0},"end":{"line":114,"column":null}}},"5":{"name":"(anonymous_6)","decl":{"start":{"line":118,"column":0},"end":{"line":118,"column":null}},"loc":{"start":{"line":118,"column":0},"end":{"line":122,"column":null}}},"6":{"name":"(anonymous_7)","decl":{"start":{"line":127,"column":0},"end":{"line":127,"column":null}},"loc":{"start":{"line":127,"column":0},"end":{"line":129,"column":null}}},"7":{"name":"(anonymous_8)","decl":{"start":{"line":130,"column":0},"end":{"line":130,"column":null}},"loc":{"start":{"line":130,"column":0},"end":{"line":132,"column":null}}},"8":{"name":"(anonymous_9)","decl":{"start":{"line":137,"column":0},"end":{"line":137,"column":null}},"loc":{"start":{"line":137,"column":0},"end":{"line":162,"column":null}}},"9":{"name":"(anonymous_10)","decl":{"start":{"line":164,"column":0},"end":{"line":164,"column":null}},"loc":{"start":{"line":164,"column":0},"end":{"line":194,"column":null}}},"10":{"name":"(anonymous_11)","decl":{"start":{"line":166,"column":0},"end":{"line":166,"column":null}},"loc":{"start":{"line":166,"column":0},"end":{"line":193,"column":null}}},"11":{"name":"(anonymous_12)","decl":{"start":{"line":172,"column":0},"end":{"line":172,"column":null}},"loc":{"start":{"line":172,"column":0},"end":{"line":181,"column":null}}},"12":{"name":"(anonymous_13)","decl":{"start":{"line":182,"column":0},"end":{"line":182,"column":null}},"loc":{"start":{"line":182,"column":0},"end":{"line":182,"column":null}}},"13":{"name":"(anonymous_14)","decl":{"start":{"line":195,"column":0},"end":{"line":195,"column":null}},"loc":{"start":{"line":195,"column":0},"end":{"line":215,"column":null}}},"14":{"name":"(anonymous_15)","decl":{"start":{"line":197,"column":0},"end":{"line":197,"column":null}},"loc":{"start":{"line":197,"column":0},"end":{"line":197,"column":null}}},"15":{"name":"(anonymous_16)","decl":{"start":{"line":200,"column":0},"end":{"line":200,"column":null}},"loc":{"start":{"line":200,"column":0},"end":{"line":200,"column":null}}},"16":{"name":"(anonymous_17)","decl":{"start":{"line":220,"column":0},"end":{"line":220,"column":null}},"loc":{"start":{"line":220,"column":0},"end":{"line":220,"column":null}}},"17":{"name":"(anonymous_18)","decl":{"start":{"line":223,"column":0},"end":{"line":223,"column":null}},"loc":{"start":{"line":223,"column":0},"end":{"line":223,"column":null}}}},"branchMap":{"0":{"loc":{"start":{"line":169,"column":0},"end":{"line":171,"column":null}},"type":"if","locations":[{"start":{"line":169,"column":0},"end":{"line":171,"column":null}},{"start":{"line":169,"column":0},"end":{"line":171,"column":null}}]}},"s":{"0":0,"1":0,"2":0,"3":0,"4":0,"5":0,"6":0,"7":0,"8":0,"9":0,"10":0,"11":0,"12":0,"13":0,"14":0,"15":0,"16":0,"17":0,"18":0,"19":0,"20":0,"21":0,"22":0,"23":0,"24":0,"25":0,"26":0,"27":0,"28":0,"29":0,"30":0,"31":0,"32":0,"33":0,"34":0,"35":0,"36":0,"37":0,"38":0,"39":0,"40":0,"41":0},"f":{"0":0,"1":0,"2":0,"3":0,"4":0,"5":0,"6":0,"7":0,"8":0,"9":0,"10":0,"11":0,"12":0,"13":0,"14":0,"15":0,"16":0,"17":0},"b":{"0":[0,0]}}
,"D:\\GEEKBRAIN University\\ОБУЧЕНИЕ\\VUE.JS_Курс\\project_vue_2\\src\\components\\Header.vue": {"path":"D:\\GEEKBRAIN University\\ОБУЧЕНИЕ\\VUE.JS_Курс\\project_vue_2\\src\\components\\Header.vue","statementMap":{"0":{"start":{"line":20,"column":0},"end":{"line":20,"column":null}},"1":{"start":{"line":26,"column":0},"end":{"line":26,"column":null}}},"fnMap":{"0":{"name":"(anonymous_1)","decl":{"start":{"line":19,"column":0},"end":{"line":19,"column":null}},"loc":{"start":{"line":19,"column":0},"end":{"line":23,"column":null}}},"1":{"name":"(anonymous_2)","decl":{"start":{"line":25,"column":0},"end":{"line":25,"column":null}},"loc":{"start":{"line":25,"column":0},"end":{"line":27,"column":null}}}},"branchMap":{},"s":{"0":0,"1":0},"f":{"0":0,"1":0},"b":{}}
,"D:\\GEEKBRAIN University\\ОБУЧЕНИЕ\\VUE.JS_Курс\\project_vue_2\\src\\components\\Pagination.vue": {"path":"D:\\GEEKBRAIN University\\ОБУЧЕНИЕ\\VUE.JS_Курс\\project_vue_2\\src\\components\\Pagination.vue","statementMap":{"0":{"start":{"line":38,"column":0},"end":{"line":38,"column":null}},"1":{"start":{"line":43,"column":0},"end":{"line":45,"column":null}},"2":{"start":{"line":44,"column":0},"end":{"line":44,"column":null}},"3":{"start":{"line":46,"column":0},"end":{"line":46,"column":null}},"4":{"start":{"line":51,"column":0},"end":{"line":51,"column":null}}},"fnMap":{"0":{"name":"(anonymous_1)","decl":{"start":{"line":38,"column":0},"end":{"line":38,"column":null}},"loc":{"start":{"line":38,"column":0},"end":{"line":38,"column":null}}},"1":{"name":"(anonymous_2)","decl":{"start":{"line":42,"column":0},"end":{"line":42,"column":null}},"loc":{"start":{"line":42,"column":0},"end":{"line":47,"column":null}}},"2":{"name":"(anonymous_3)","decl":{"start":{"line":50,"column":0},"end":{"line":50,"column":null}},"loc":{"start":{"line":50,"column":0},"end":{"line":52,"column":null}}}},"branchMap":{"0":{"loc":{"start":{"line":43,"column":0},"end":{"line":45,"column":null}},"type":"if","locations":[{"start":{"line":43,"column":0},"end":{"line":45,"column":null}},{"start":{"line":43,"column":0},"end":{"line":45,"column":null}}]},"1":{"loc":{"start":{"line":43,"column":0},"end":{"line":43,"column":null}},"type":"binary-expr","locations":[{"start":{"line":43,"column":0},"end":{"line":43,"column":null}},{"start":{"line":43,"column":0},"end":{"line":43,"column":null}}]}},"s":{"0":0,"1":0,"2":0,"3":0,"4":0},"f":{"0":0,"1":0,"2":0},"b":{"0":[0,0],"1":[0,0]}}
,"D:\\GEEKBRAIN University\\ОБУЧЕНИЕ\\VUE.JS_Курс\\project_vue_2\\src\\components\\db\\AppDb.vue": {"path":"D:\\GEEKBRAIN University\\ОБУЧЕНИЕ\\VUE.JS_Курс\\project_vue_2\\src\\components\\db\\AppDb.vue","statementMap":{"0":{"start":{"line":48,"column":0},"end":{"line":48,"column":null}},"1":{"start":{"line":49,"column":0},"end":{"line":49,"column":null}},"2":{"start":{"line":50,"column":0},"end":{"line":50,"column":null}},"3":{"start":{"line":51,"column":0},"end":{"line":51,"column":null}},"4":{"start":{"line":61,"column":0},"end":{"line":61,"column":null}},"5":{"start":{"line":75,"column":0},"end":{"line":75,"column":null}},"6":{"start":{"line":87,"column":0},"end":{"line":87,"column":null}},"7":{"start":{"line":88,"column":0},"end":{"line":88,"column":null}},"8":{"start":{"line":94,"column":0},"end":{"line":94,"column":null}},"9":{"start":{"line":95,"column":0},"end":{"line":95,"column":null}},"10":{"start":{"line":96,"column":0},"end":{"line":96,"column":null}},"11":{"start":{"line":97,"column":0},"end":{"line":97,"column":null}},"12":{"start":{"line":101,"column":0},"end":{"line":101,"column":null}},"13":{"start":{"line":102,"column":0},"end":{"line":128,"column":null}},"14":{"start":{"line":103,"column":0},"end":{"line":127,"column":null}},"15":{"start":{"line":104,"column":0},"end":{"line":104,"column":null}},"16":{"start":{"line":105,"column":0},"end":{"line":107,"column":null}},"17":{"start":{"line":106,"column":0},"end":{"line":106,"column":null}},"18":{"start":{"line":108,"column":0},"end":{"line":117,"column":null}},"19":{"start":{"line":109,"column":0},"end":{"line":109,"column":null}},"20":{"start":{"line":118,"column":0},"end":{"line":118,"column":null}},"21":{"start":{"line":120,"column":0},"end":{"line":120,"column":null}},"22":{"start":{"line":125,"column":0},"end":{"line":125,"column":null}},"23":{"start":{"line":126,"column":0},"end":{"line":126,"column":null}},"24":{"start":{"line":133,"column":0},"end":{"line":150,"column":null}},"25":{"start":{"line":134,"column":0},"end":{"line":134,"column":null}},"26":{"start":{"line":135,"column":0},"end":{"line":135,"column":null}},"27":{"start":{"line":136,"column":0},"end":{"line":136,"column":null}},"28":{"start":{"line":137,"column":0},"end":{"line":137,"column":null}},"29":{"start":{"line":138,"column":0},"end":{"line":138,"column":null}},"30":{"start":{"line":145,"column":0},"end":{"line":145,"column":null}},"31":{"start":{"line":154,"column":0},"end":{"line":154,"column":null}}},"fnMap":{"0":{"name":"(anonymous_1)","decl":{"start":{"line":60,"column":0},"end":{"line":60,"column":null}},"loc":{"start":{"line":60,"column":0},"end":{"line":71,"column":null}}},"1":{"name":"(anonymous_2)","decl":{"start":{"line":74,"column":0},"end":{"line":74,"column":null}},"loc":{"start":{"line":74,"column":0},"end":{"line":98,"column":null}}},"2":{"name":"(anonymous_3)","decl":{"start":{"line":100,"column":0},"end":{"line":100,"column":null}},"loc":{"start":{"line":100,"column":0},"end":{"line":131,"column":null}}},"3":{"name":"(anonymous_4)","decl":{"start":{"line":102,"column":0},"end":{"line":102,"column":null}},"loc":{"start":{"line":102,"column":0},"end":{"line":128,"column":null}}},"4":{"name":"(anonymous_5)","decl":{"start":{"line":108,"column":0},"end":{"line":108,"column":null}},"loc":{"start":{"line":108,"column":0},"end":{"line":117,"column":null}}},"5":{"name":"(anonymous_6)","decl":{"start":{"line":132,"column":0},"end":{"line":132,"column":null}},"loc":{"start":{"line":132,"column":0},"end":{"line":151,"column":null}}},"6":{"name":"(anonymous_7)","decl":{"start":{"line":134,"column":0},"end":{"line":134,"column":null}},"loc":{"start":{"line":134,"column":0},"end":{"line":134,"column":null}}},"7":{"name":"(anonymous_8)","decl":{"start":{"line":137,"column":0},"end":{"line":137,"column":null}},"loc":{"start":{"line":137,"column":0},"end":{"line":137,"column":null}}},"8":{"name":"(anonymous_9)","decl":{"start":{"line":153,"column":0},"end":{"line":153,"column":null}},"loc":{"start":{"line":153,"column":0},"end":{"line":155,"column":null}}}},"branchMap":{"0":{"loc":{"start":{"line":105,"column":0},"end":{"line":107,"column":null}},"type":"if","locations":[{"start":{"line":105,"column":0},"end":{"line":107,"column":null}},{"start":{"line":105,"column":0},"end":{"line":107,"column":null}}]}},"s":{"0":0,"1":0,"2":0,"3":0,"4":0,"5":0,"6":0,"7":0,"8":0,"9":0,"10":0,"11":0,"12":0,"13":0,"14":0,"15":0,"16":0,"17":0,"18":0,"19":0,"20":0,"21":0,"22":0,"23":0,"24":0,"25":0,"26":0,"27":0,"28":0,"29":0,"30":0,"31":0},"f":{"0":0,"1":0,"2":0,"3":0,"4":0,"5":0,"6":0,"7":0,"8":0},"b":{"0":[0,0]}}
,"D:\\GEEKBRAIN University\\ОБУЧЕНИЕ\\VUE.JS_Курс\\project_vue_2\\src\\components\\modal\\AddAuthModal.vue": {"path":"D:\\GEEKBRAIN University\\ОБУЧЕНИЕ\\VUE.JS_Курс\\project_vue_2\\src\\components\\modal\\AddAuthModal.vue","statementMap":{"0":{"start":{"line":21,"column":0},"end":{"line":21,"column":null}},"1":{"start":{"line":34,"column":0},"end":{"line":34,"column":null}},"2":{"start":{"line":38,"column":0},"end":{"line":38,"column":null}}},"fnMap":{"0":{"name":"(anonymous_1)","decl":{"start":{"line":33,"column":0},"end":{"line":33,"column":null}},"loc":{"start":{"line":33,"column":0},"end":{"line":35,"column":null}}},"1":{"name":"(anonymous_2)","decl":{"start":{"line":37,"column":0},"end":{"line":37,"column":null}},"loc":{"start":{"line":37,"column":0},"end":{"line":39,"column":null}}}},"branchMap":{},"s":{"0":0,"1":0,"2":0},"f":{"0":0,"1":0},"b":{}}
,"D:\\GEEKBRAIN University\\ОБУЧЕНИЕ\\VUE.JS_Курс\\project_vue_2\\src\\components\\modal\\AddCostsModal.vue": {"path":"D:\\GEEKBRAIN University\\ОБУЧЕНИЕ\\VUE.JS_Курс\\project_vue_2\\src\\components\\modal\\AddCostsModal.vue","statementMap":{"0":{"start":{"line":22,"column":0},"end":{"line":22,"column":null}},"1":{"start":{"line":23,"column":0},"end":{"line":23,"column":null}},"2":{"start":{"line":38,"column":0},"end":{"line":38,"column":null}},"3":{"start":{"line":42,"column":0},"end":{"line":42,"column":null}}},"fnMap":{"0":{"name":"(anonymous_1)","decl":{"start":{"line":37,"column":0},"end":{"line":37,"column":null}},"loc":{"start":{"line":37,"column":0},"end":{"line":39,"column":null}}},"1":{"name":"(anonymous_2)","decl":{"start":{"line":41,"column":0},"end":{"line":41,"column":null}},"loc":{"start":{"line":41,"column":0},"end":{"line":43,"column":null}}}},"branchMap":{},"s":{"0":0,"1":0,"2":0,"3":0},"f":{"0":0,"1":0},"b":{}}
,"D:\\GEEKBRAIN University\\ОБУЧЕНИЕ\\VUE.JS_Курс\\project_vue_2\\src\\components\\modal\\ModalContextMenu.vue": {"path":"D:\\GEEKBRAIN University\\ОБУЧЕНИЕ\\VUE.JS_Курс\\project_vue_2\\src\\components\\modal\\ModalContextMenu.vue","statementMap":{"0":{"start":{"line":24,"column":0},"end":{"line":24,"column":null}},"1":{"start":{"line":33,"column":0},"end":{"line":33,"column":null}},"2":{"start":{"line":34,"column":0},"end":{"line":34,"column":null}},"3":{"start":{"line":37,"column":0},"end":{"line":37,"column":null}},"4":{"start":{"line":38,"column":0},"end":{"line":38,"column":null}},"5":{"start":{"line":39,"column":0},"end":{"line":39,"column":null}},"6":{"start":{"line":42,"column":0},"end":{"line":42,"column":null}},"7":{"start":{"line":43,"column":0},"end":{"line":43,"column":null}},"8":{"start":{"line":44,"column":0},"end":{"line":44,"column":null}},"9":{"start":{"line":47,"column":0},"end":{"line":47,"column":null}},"10":{"start":{"line":48,"column":0},"end":{"line":48,"column":null}},"11":{"start":{"line":49,"column":0},"end":{"line":49,"column":null}},"12":{"start":{"line":50,"column":0},"end":{"line":50,"column":null}},"13":{"start":{"line":51,"column":0},"end":{"line":51,"column":null}},"14":{"start":{"line":57,"column":0},"end":{"line":57,"column":null}},"15":{"start":{"line":64,"column":0},"end":{"line":64,"column":null}},"16":{"start":{"line":68,"column":0},"end":{"line":68,"column":null}}},"fnMap":{"0":{"name":"(anonymous_1)","decl":{"start":{"line":23,"column":0},"end":{"line":23,"column":null}},"loc":{"start":{"line":23,"column":0},"end":{"line":30,"column":null}}},"1":{"name":"(anonymous_2)","decl":{"start":{"line":32,"column":0},"end":{"line":32,"column":null}},"loc":{"start":{"line":32,"column":0},"end":{"line":35,"column":null}}},"2":{"name":"(anonymous_3)","decl":{"start":{"line":36,"column":0},"end":{"line":36,"column":null}},"loc":{"start":{"line":36,"column":0},"end":{"line":40,"column":null}}},"3":{"name":"(anonymous_4)","decl":{"start":{"line":41,"column":0},"end":{"line":41,"column":null}},"loc":{"start":{"line":41,"column":0},"end":{"line":45,"column":null}}},"4":{"name":"(anonymous_5)","decl":{"start":{"line":46,"column":0},"end":{"line":46,"column":null}},"loc":{"start":{"line":46,"column":0},"end":{"line":53,"column":null}}},"5":{"name":"(anonymous_6)","decl":{"start":{"line":56,"column":0},"end":{"line":56,"column":null}},"loc":{"start":{"line":56,"column":0},"end":{"line":61,"column":null}}},"6":{"name":"(anonymous_7)","decl":{"start":{"line":63,"column":0},"end":{"line":63,"column":null}},"loc":{"start":{"line":63,"column":0},"end":{"line":66,"column":null}}},"7":{"name":"(anonymous_8)","decl":{"start":{"line":67,"column":0},"end":{"line":67,"column":null}},"loc":{"start":{"line":67,"column":0},"end":{"line":70,"column":null}}}},"branchMap":{},"s":{"0":0,"1":0,"2":0,"3":0,"4":0,"5":0,"6":0,"7":0,"8":0,"9":0,"10":0,"11":0,"12":0,"13":0,"14":0,"15":0,"16":0},"f":{"0":0,"1":0,"2":0,"3":0,"4":0,"5":0,"6":0,"7":0},"b":{}}
,"D:\\GEEKBRAIN University\\ОБУЧЕНИЕ\\VUE.JS_Курс\\project_vue_2\\src\\components\\modal\\__DELETE___editModalWindow.vue": {"path":"D:\\GEEKBRAIN University\\ОБУЧЕНИЕ\\VUE.JS_Курс\\project_vue_2\\src\\components\\modal\\__DELETE___editModalWindow.vue","statementMap":{"0":{"start":{"line":40,"column":0},"end":{"line":40,"column":null}},"1":{"start":{"line":44,"column":0},"end":{"line":44,"column":null}},"2":{"start":{"line":55,"column":0},"end":{"line":55,"column":null}},"3":{"start":{"line":56,"column":0},"end":{"line":60,"column":null}},"4":{"start":{"line":57,"column":0},"end":{"line":57,"column":null}},"5":{"start":{"line":59,"column":0},"end":{"line":59,"column":null}},"6":{"start":{"line":65,"column":0},"end":{"line":65,"column":null}},"7":{"start":{"line":71,"column":0},"end":{"line":71,"column":null}},"8":{"start":{"line":74,"column":0},"end":{"line":74,"column":null}}},"fnMap":{"0":{"name":"(anonymous_1)","decl":{"start":{"line":43,"column":0},"end":{"line":43,"column":null}},"loc":{"start":{"line":43,"column":0},"end":{"line":49,"column":null}}},"1":{"name":"(anonymous_2)","decl":{"start":{"line":54,"column":0},"end":{"line":54,"column":null}},"loc":{"start":{"line":54,"column":0},"end":{"line":62,"column":null}}},"2":{"name":"(anonymous_3)","decl":{"start":{"line":63,"column":0},"end":{"line":63,"column":null}},"loc":{"start":{"line":63,"column":0},"end":{"line":68,"column":null}}},"3":{"name":"(anonymous_4)","decl":{"start":{"line":70,"column":0},"end":{"line":70,"column":null}},"loc":{"start":{"line":70,"column":0},"end":{"line":72,"column":null}}},"4":{"name":"(anonymous_5)","decl":{"start":{"line":73,"column":0},"end":{"line":73,"column":null}},"loc":{"start":{"line":73,"column":0},"end":{"line":76,"column":null}}}},"branchMap":{"0":{"loc":{"start":{"line":56,"column":0},"end":{"line":60,"column":null}},"type":"if","locations":[{"start":{"line":56,"column":0},"end":{"line":60,"column":null}},{"start":{"line":56,"column":0},"end":{"line":60,"column":null}}]}},"s":{"0":0,"1":0,"2":0,"3":0,"4":0,"5":0,"6":0,"7":0,"8":0},"f":{"0":0,"1":0,"2":0,"3":0,"4":0},"b":{"0":[0,0]}}
,"D:\\GEEKBRAIN University\\ОБУЧЕНИЕ\\VUE.JS_Курс\\project_vue_2\\src\\pages\\AddTemplateForm.vue": {"path":"D:\\GEEKBRAIN University\\ОБУЧЕНИЕ\\VUE.JS_Курс\\project_vue_2\\src\\pages\\AddTemplateForm.vue","statementMap":{"0":{"start":{"line":74,"column":0},"end":{"line":74,"column":null}},"1":{"start":{"line":87,"column":0},"end":{"line":87,"column":null}},"2":{"start":{"line":88,"column":0},"end":{"line":88,"column":null}},"3":{"start":{"line":89,"column":0},"end":{"line":89,"column":null}},"4":{"start":{"line":90,"column":0},"end":{"line":90,"column":null}},"5":{"start":{"line":91,"column":0},"end":{"line":91,"column":null}},"6":{"start":{"line":92,"column":0},"end":{"line":92,"column":null}},"7":{"start":{"line":93,"column":0},"end":{"line":93,"column":null}},"8":{"start":{"line":95,"column":0},"end":{"line":95,"column":null}},"9":{"start":{"line":98,"column":0},"end":{"line":98,"column":null}},"10":{"start":{"line":99,"column":0},"end":{"line":99,"column":null}},"11":{"start":{"line":100,"column":0},"end":{"line":100,"column":null}},"12":{"start":{"line":103,"column":0},"end":{"line":103,"column":null}},"13":{"start":{"line":106,"column":0},"end":{"line":106,"column":null}},"14":{"start":{"line":109,"column":0},"end":{"line":109,"column":null}},"15":{"start":{"line":114,"column":0},"end":{"line":114,"column":null}},"16":{"start":{"line":126,"column":0},"end":{"line":126,"column":null}},"17":{"start":{"line":127,"column":0},"end":{"line":127,"column":null}},"18":{"start":{"line":133,"column":0},"end":{"line":133,"column":null}},"19":{"start":{"line":134,"column":0},"end":{"line":134,"column":null}},"20":{"start":{"line":135,"column":0},"end":{"line":135,"column":null}},"21":{"start":{"line":136,"column":0},"end":{"line":136,"column":null}},"22":{"start":{"line":142,"column":0},"end":{"line":142,"column":null}},"23":{"start":{"line":143,"column":0},"end":{"line":143,"column":null}},"24":{"start":{"line":144,"column":0},"end":{"line":144,"column":null}},"25":{"start":{"line":145,"column":0},"end":{"line":145,"column":null}},"26":{"start":{"line":147,"column":0},"end":{"line":151,"column":null}},"27":{"start":{"line":148,"column":0},"end":{"line":148,"column":null}},"28":{"start":{"line":149,"column":0},"end":{"line":151,"column":null}},"29":{"start":{"line":150,"column":0},"end":{"line":150,"column":null}},"30":{"start":{"line":152,"column":0},"end":{"line":152,"column":null}}},"fnMap":{"0":{"name":"(anonymous_1)","decl":{"start":{"line":73,"column":0},"end":{"line":73,"column":null}},"loc":{"start":{"line":73,"column":0},"end":{"line":82,"column":null}}},"1":{"name":"(anonymous_2)","decl":{"start":{"line":86,"column":0},"end":{"line":86,"column":null}},"loc":{"start":{"line":86,"column":0},"end":{"line":96,"column":null}}},"2":{"name":"(anonymous_3)","decl":{"start":{"line":97,"column":0},"end":{"line":97,"column":null}},"loc":{"start":{"line":97,"column":0},"end":{"line":101,"column":null}}},"3":{"name":"(anonymous_4)","decl":{"start":{"line":102,"column":0},"end":{"line":102,"column":null}},"loc":{"start":{"line":102,"column":0},"end":{"line":104,"column":null}}},"4":{"name":"(anonymous_5)","decl":{"start":{"line":105,"column":0},"end":{"line":105,"column":null}},"loc":{"start":{"line":105,"column":0},"end":{"line":107,"column":null}}},"5":{"name":"(anonymous_6)","decl":{"start":{"line":108,"column":0},"end":{"line":108,"column":null}},"loc":{"start":{"line":108,"column":0},"end":{"line":110,"column":null}}},"6":{"name":"(anonymous_7)","decl":{"start":{"line":113,"column":0},"end":{"line":113,"column":null}},"loc":{"start":{"line":113,"column":0},"end":{"line":137,"column":null}}},"7":{"name":"(anonymous_8)","decl":{"start":{"line":141,"column":0},"end":{"line":141,"column":null}},"loc":{"start":{"line":141,"column":0},"end":{"line":153,"column":null}}}},"branchMap":{"0":{"loc":{"start":{"line":147,"column":0},"end":{"line":151,"column":null}},"type":"if","locations":[{"start":{"line":147,"column":0},"end":{"line":151,"column":null}},{"start":{"line":147,"column":0},"end":{"line":151,"column":null}}]},"1":{"loc":{"start":{"line":149,"column":0},"end":{"line":151,"column":null}},"type":"if","locations":[{"start":{"line":149,"column":0},"end":{"line":151,"column":null}},{"start":{"line":149,"column":0},"end":{"line":151,"column":null}}]}},"s":{"0":0,"1":0,"2":0,"3":0,"4":0,"5":0,"6":0,"7":0,"8":0,"9":0,"10":0,"11":0,"12":0,"13":0,"14":0,"15":0,"16":0,"17":0,"18":0,"19":0,"20":0,"21":0,"22":0,"23":0,"24":0,"25":0,"26":0,"27":0,"28":0,"29":0,"30":0},"f":{"0":0,"1":0,"2":0,"3":0,"4":0,"5":0,"6":0,"7":0},"b":{"0":[0,0],"1":[0,0]}}
,"D:\\GEEKBRAIN University\\ОБУЧЕНИЕ\\VUE.JS_Курс\\project_vue_2\\src\\pages\\Entertainment.vue": {"path":"D:\\GEEKBRAIN University\\ОБУЧЕНИЕ\\VUE.JS_Курс\\project_vue_2\\src\\pages\\Entertainment.vue","statementMap":{"0":{"start":{"line":77,"column":0},"end":{"line":77,"column":null}},"1":{"start":{"line":89,"column":0},"end":{"line":89,"column":null}},"2":{"start":{"line":90,"column":0},"end":{"line":90,"column":null}},"3":{"start":{"line":91,"column":0},"end":{"line":91,"column":null}},"4":{"start":{"line":92,"column":0},"end":{"line":92,"column":null}},"5":{"start":{"line":93,"column":0},"end":{"line":93,"column":null}},"6":{"start":{"line":94,"column":0},"end":{"line":94,"column":null}},"7":{"start":{"line":95,"column":0},"end":{"line":95,"column":null}},"8":{"start":{"line":97,"column":0},"end":{"line":97,"column":null}},"9":{"start":{"line":100,"column":0},"end":{"line":100,"column":null}},"10":{"start":{"line":101,"column":0},"end":{"line":101,"column":null}},"11":{"start":{"line":102,"column":0},"end":{"line":102,"column":null}},"12":{"start":{"line":105,"column":0},"end":{"line":105,"column":null}},"13":{"start":{"line":108,"column":0},"end":{"line":108,"column":null}},"14":{"start":{"line":111,"column":0},"end":{"line":111,"column":null}},"15":{"start":{"line":115,"column":0},"end":{"line":115,"column":null}},"16":{"start":{"line":122,"column":0},"end":{"line":122,"column":null}},"17":{"start":{"line":123,"column":0},"end":{"line":123,"column":null}},"18":{"start":{"line":124,"column":0},"end":{"line":124,"column":null}},"19":{"start":{"line":125,"column":0},"end":{"line":125,"column":null}},"20":{"start":{"line":127,"column":0},"end":{"line":131,"column":null}},"21":{"start":{"line":128,"column":0},"end":{"line":128,"column":null}},"22":{"start":{"line":129,"column":0},"end":{"line":131,"column":null}},"23":{"start":{"line":130,"column":0},"end":{"line":130,"column":null}},"24":{"start":{"line":132,"column":0},"end":{"line":132,"column":null}}},"fnMap":{"0":{"name":"(anonymous_1)","decl":{"start":{"line":76,"column":0},"end":{"line":76,"column":null}},"loc":{"start":{"line":76,"column":0},"end":{"line":84,"column":null}}},"1":{"name":"(anonymous_2)","decl":{"start":{"line":87,"column":0},"end":{"line":87,"column":null}},"loc":{"start":{"line":87,"column":0},"end":{"line":98,"column":null}}},"2":{"name":"(anonymous_3)","decl":{"start":{"line":99,"column":0},"end":{"line":99,"column":null}},"loc":{"start":{"line":99,"column":0},"end":{"line":103,"column":null}}},"3":{"name":"(anonymous_4)","decl":{"start":{"line":104,"column":0},"end":{"line":104,"column":null}},"loc":{"start":{"line":104,"column":0},"end":{"line":106,"column":null}}},"4":{"name":"(anonymous_5)","decl":{"start":{"line":107,"column":0},"end":{"line":107,"column":null}},"loc":{"start":{"line":107,"column":0},"end":{"line":109,"column":null}}},"5":{"name":"(anonymous_6)","decl":{"start":{"line":110,"column":0},"end":{"line":110,"column":null}},"loc":{"start":{"line":110,"column":0},"end":{"line":112,"column":null}}},"6":{"name":"(anonymous_7)","decl":{"start":{"line":113,"column":0},"end":{"line":113,"column":null}},"loc":{"start":{"line":113,"column":0},"end":{"line":117,"column":null}}},"7":{"name":"(anonymous_8)","decl":{"start":{"line":121,"column":0},"end":{"line":121,"column":null}},"loc":{"start":{"line":121,"column":0},"end":{"line":133,"column":null}}}},"branchMap":{"0":{"loc":{"start":{"line":127,"column":0},"end":{"line":131,"column":null}},"type":"if","locations":[{"start":{"line":127,"column":0},"end":{"line":131,"column":null}},{"start":{"line":127,"column":0},"end":{"line":131,"column":null}}]},"1":{"loc":{"start":{"line":129,"column":0},"end":{"line":131,"column":null}},"type":"if","locations":[{"start":{"line":129,"column":0},"end":{"line":131,"column":null}},{"start":{"line":129,"column":0},"end":{"line":131,"column":null}}]}},"s":{"0":0,"1":0,"2":0,"3":0,"4":0,"5":0,"6":0,"7":0,"8":0,"9":0,"10":0,"11":0,"12":0,"13":0,"14":0,"15":0,"16":0,"17":0,"18":0,"19":0,"20":0,"21":0,"22":0,"23":0,"24":0},"f":{"0":0,"1":0,"2":0,"3":0,"4":0,"5":0,"6":0,"7":0},"b":{"0":[0,0],"1":[0,0]}}
,"D:\\GEEKBRAIN University\\ОБУЧЕНИЕ\\VUE.JS_Курс\\project_vue_2\\src\\pages\\Food.vue": {"path":"D:\\GEEKBRAIN University\\ОБУЧЕНИЕ\\VUE.JS_Курс\\project_vue_2\\src\\pages\\Food.vue","statementMap":{"0":{"start":{"line":76,"column":0},"end":{"line":76,"column":null}},"1":{"start":{"line":89,"column":0},"end":{"line":89,"column":null}},"2":{"start":{"line":90,"column":0},"end":{"line":90,"column":null}},"3":{"start":{"line":91,"column":0},"end":{"line":91,"column":null}},"4":{"start":{"line":99,"column":0},"end":{"line":99,"column":null}},"5":{"start":{"line":100,"column":0},"end":{"line":100,"column":null}},"6":{"start":{"line":101,"column":0},"end":{"line":101,"column":null}},"7":{"start":{"line":102,"column":0},"end":{"line":102,"column":null}},"8":{"start":{"line":104,"column":0},"end":{"line":104,"column":null}},"9":{"start":{"line":107,"column":0},"end":{"line":107,"column":null}},"10":{"start":{"line":108,"column":0},"end":{"line":108,"column":null}},"11":{"start":{"line":109,"column":0},"end":{"line":109,"column":null}},"12":{"start":{"line":112,"column":0},"end":{"line":112,"column":null}},"13":{"start":{"line":115,"column":0},"end":{"line":115,"column":null}},"14":{"start":{"line":118,"column":0},"end":{"line":118,"column":null}},"15":{"start":{"line":123,"column":0},"end":{"line":123,"column":null}},"16":{"start":{"line":135,"column":0},"end":{"line":135,"column":null}},"17":{"start":{"line":136,"column":0},"end":{"line":136,"column":null}},"18":{"start":{"line":142,"column":0},"end":{"line":142,"column":null}},"19":{"start":{"line":143,"column":0},"end":{"line":143,"column":null}},"20":{"start":{"line":144,"column":0},"end":{"line":144,"column":null}},"21":{"start":{"line":145,"column":0},"end":{"line":145,"column":null}},"22":{"start":{"line":151,"column":0},"end":{"line":151,"column":null}},"23":{"start":{"line":152,"column":0},"end":{"line":152,"column":null}},"24":{"start":{"line":153,"column":0},"end":{"line":153,"column":null}},"25":{"start":{"line":154,"column":0},"end":{"line":154,"column":null}},"26":{"start":{"line":156,"column":0},"end":{"line":160,"column":null}},"27":{"start":{"line":157,"column":0},"end":{"line":157,"column":null}},"28":{"start":{"line":158,"column":0},"end":{"line":160,"column":null}},"29":{"start":{"line":159,"column":0},"end":{"line":159,"column":null}},"30":{"start":{"line":161,"column":0},"end":{"line":161,"column":null}}},"fnMap":{"0":{"name":"(anonymous_1)","decl":{"start":{"line":75,"column":0},"end":{"line":75,"column":null}},"loc":{"start":{"line":75,"column":0},"end":{"line":84,"column":null}}},"1":{"name":"(anonymous_2)","decl":{"start":{"line":87,"column":0},"end":{"line":87,"column":null}},"loc":{"start":{"line":87,"column":0},"end":{"line":105,"column":null}}},"2":{"name":"(anonymous_3)","decl":{"start":{"line":106,"column":0},"end":{"line":106,"column":null}},"loc":{"start":{"line":106,"column":0},"end":{"line":110,"column":null}}},"3":{"name":"(anonymous_4)","decl":{"start":{"line":111,"column":0},"end":{"line":111,"column":null}},"loc":{"start":{"line":111,"column":0},"end":{"line":113,"column":null}}},"4":{"name":"(anonymous_5)","decl":{"start":{"line":114,"column":0},"end":{"line":114,"column":null}},"loc":{"start":{"line":114,"column":0},"end":{"line":116,"column":null}}},"5":{"name":"(anonymous_6)","decl":{"start":{"line":117,"column":0},"end":{"line":117,"column":null}},"loc":{"start":{"line":117,"column":0},"end":{"line":119,"column":null}}},"6":{"name":"(anonymous_7)","decl":{"start":{"line":122,"column":0},"end":{"line":122,"column":null}},"loc":{"start":{"line":122,"column":0},"end":{"line":146,"column":null}}},"7":{"name":"(anonymous_8)","decl":{"start":{"line":150,"column":0},"end":{"line":150,"column":null}},"loc":{"start":{"line":150,"column":0},"end":{"line":162,"column":null}}}},"branchMap":{"0":{"loc":{"start":{"line":156,"column":0},"end":{"line":160,"column":null}},"type":"if","locations":[{"start":{"line":156,"column":0},"end":{"line":160,"column":null}},{"start":{"line":156,"column":0},"end":{"line":160,"column":null}}]},"1":{"loc":{"start":{"line":158,"column":0},"end":{"line":160,"column":null}},"type":"if","locations":[{"start":{"line":158,"column":0},"end":{"line":160,"column":null}},{"start":{"line":158,"column":0},"end":{"line":160,"column":null}}]}},"s":{"0":0,"1":0,"2":0,"3":0,"4":0,"5":0,"6":0,"7":0,"8":0,"9":0,"10":0,"11":0,"12":0,"13":0,"14":0,"15":0,"16":0,"17":0,"18":0,"19":0,"20":0,"21":0,"22":0,"23":0,"24":0,"25":0,"26":0,"27":0,"28":0,"29":0,"30":0},"f":{"0":0,"1":0,"2":0,"3":0,"4":0,"5":0,"6":0,"7":0},"b":{"0":[0,0],"1":[0,0]}}
,"D:\\GEEKBRAIN University\\ОБУЧЕНИЕ\\VUE.JS_Курс\\project_vue_2\\src\\pages\\TheAuth.vue": {"path":"D:\\GEEKBRAIN University\\ОБУЧЕНИЕ\\VUE.JS_Курс\\project_vue_2\\src\\pages\\TheAuth.vue","statementMap":{"0":{"start":{"line":30,"column":0},"end":{"line":30,"column":null}}},"fnMap":{"0":{"name":"(anonymous_1)","decl":{"start":{"line":29,"column":0},"end":{"line":29,"column":null}},"loc":{"start":{"line":29,"column":0},"end":{"line":33,"column":null}}}},"branchMap":{},"s":{"0":0},"f":{"0":0},"b":{}}
,"D:\\GEEKBRAIN University\\ОБУЧЕНИЕ\\VUE.JS_Курс\\project_vue_2\\src\\pages\\TheRegistration.vue": {"path":"D:\\GEEKBRAIN University\\ОБУЧЕНИЕ\\VUE.JS_Курс\\project_vue_2\\src\\pages\\TheRegistration.vue","statementMap":{"0":{"start":{"line":22,"column":0},"end":{"line":22,"column":null}},"1":{"start":{"line":28,"column":0},"end":{"line":28,"column":null}},"2":{"start":{"line":43,"column":0},"end":{"line":43,"column":null}},"3":{"start":{"line":44,"column":0},"end":{"line":44,"column":null}},"4":{"start":{"line":48,"column":0},"end":{"line":48,"column":null}},"5":{"start":{"line":49,"column":0},"end":{"line":49,"column":null}},"6":{"start":{"line":53,"column":0},"end":{"line":53,"column":null}},"7":{"start":{"line":54,"column":0},"end":{"line":54,"column":null}},"8":{"start":{"line":57,"column":0},"end":{"line":57,"column":null}},"9":{"start":{"line":58,"column":0},"end":{"line":58,"column":null}}},"fnMap":{"0":{"name":"(anonymous_1)","decl":{"start":{"line":27,"column":0},"end":{"line":27,"column":null}},"loc":{"start":{"line":27,"column":0},"end":{"line":35,"column":null}}},"1":{"name":"(anonymous_2)","decl":{"start":{"line":42,"column":0},"end":{"line":42,"column":null}},"loc":{"start":{"line":42,"column":0},"end":{"line":46,"column":null}}},"2":{"name":"(anonymous_3)","decl":{"start":{"line":47,"column":0},"end":{"line":47,"column":null}},"loc":{"start":{"line":47,"column":0},"end":{"line":50,"column":null}}},"3":{"name":"(anonymous_4)","decl":{"start":{"line":52,"column":0},"end":{"line":52,"column":null}},"loc":{"start":{"line":52,"column":0},"end":{"line":55,"column":null}}},"4":{"name":"(anonymous_5)","decl":{"start":{"line":56,"column":0},"end":{"line":56,"column":null}},"loc":{"start":{"line":56,"column":0},"end":{"line":59,"column":null}}}},"branchMap":{},"s":{"0":0,"1":0,"2":0,"3":0,"4":0,"5":0,"6":0,"7":0,"8":0,"9":0},"f":{"0":0,"1":0,"2":0,"3":0,"4":0},"b":{}}
,"D:\\GEEKBRAIN University\\ОБУЧЕНИЕ\\VUE.JS_Курс\\project_vue_2\\src\\pages\\Transport.vue": {"path":"D:\\GEEKBRAIN University\\ОБУЧЕНИЕ\\VUE.JS_Курс\\project_vue_2\\src\\pages\\Transport.vue","statementMap":{"0":{"start":{"line":77,"column":0},"end":{"line":77,"column":null}},"1":{"start":{"line":89,"column":0},"end":{"line":89,"column":null}},"2":{"start":{"line":90,"column":0},"end":{"line":90,"column":null}},"3":{"start":{"line":91,"column":0},"end":{"line":91,"column":null}},"4":{"start":{"line":92,"column":0},"end":{"line":92,"column":null}},"5":{"start":{"line":93,"column":0},"end":{"line":93,"column":null}},"6":{"start":{"line":94,"column":0},"end":{"line":94,"column":null}},"7":{"start":{"line":95,"column":0},"end":{"line":95,"column":null}},"8":{"start":{"line":97,"column":0},"end":{"line":97,"column":null}},"9":{"start":{"line":100,"column":0},"end":{"line":100,"column":null}},"10":{"start":{"line":101,"column":0},"end":{"line":101,"column":null}},"11":{"start":{"line":102,"column":0},"end":{"line":102,"column":null}},"12":{"start":{"line":105,"column":0},"end":{"line":105,"column":null}},"13":{"start":{"line":108,"column":0},"end":{"line":108,"column":null}},"14":{"start":{"line":111,"column":0},"end":{"line":111,"column":null}},"15":{"start":{"line":115,"column":0},"end":{"line":115,"column":null}},"16":{"start":{"line":122,"column":0},"end":{"line":122,"column":null}},"17":{"start":{"line":123,"column":0},"end":{"line":123,"column":null}},"18":{"start":{"line":124,"column":0},"end":{"line":124,"column":null}},"19":{"start":{"line":125,"column":0},"end":{"line":125,"column":null}},"20":{"start":{"line":127,"column":0},"end":{"line":131,"column":null}},"21":{"start":{"line":128,"column":0},"end":{"line":128,"column":null}},"22":{"start":{"line":129,"column":0},"end":{"line":131,"column":null}},"23":{"start":{"line":130,"column":0},"end":{"line":130,"column":null}},"24":{"start":{"line":132,"column":0},"end":{"line":132,"column":null}}},"fnMap":{"0":{"name":"(anonymous_1)","decl":{"start":{"line":76,"column":0},"end":{"line":76,"column":null}},"loc":{"start":{"line":76,"column":0},"end":{"line":84,"column":null}}},"1":{"name":"(anonymous_2)","decl":{"start":{"line":87,"column":0},"end":{"line":87,"column":null}},"loc":{"start":{"line":87,"column":0},"end":{"line":98,"column":null}}},"2":{"name":"(anonymous_3)","decl":{"start":{"line":99,"column":0},"end":{"line":99,"column":null}},"loc":{"start":{"line":99,"column":0},"end":{"line":103,"column":null}}},"3":{"name":"(anonymous_4)","decl":{"start":{"line":104,"column":0},"end":{"line":104,"column":null}},"loc":{"start":{"line":104,"column":0},"end":{"line":106,"column":null}}},"4":{"name":"(anonymous_5)","decl":{"start":{"line":107,"column":0},"end":{"line":107,"column":null}},"loc":{"start":{"line":107,"column":0},"end":{"line":109,"column":null}}},"5":{"name":"(anonymous_6)","decl":{"start":{"line":110,"column":0},"end":{"line":110,"column":null}},"loc":{"start":{"line":110,"column":0},"end":{"line":112,"column":null}}},"6":{"name":"(anonymous_7)","decl":{"start":{"line":113,"column":0},"end":{"line":113,"column":null}},"loc":{"start":{"line":113,"column":0},"end":{"line":117,"column":null}}},"7":{"name":"(anonymous_8)","decl":{"start":{"line":121,"column":0},"end":{"line":121,"column":null}},"loc":{"start":{"line":121,"column":0},"end":{"line":133,"column":null}}},"8":{"name":"(anonymous_9)","decl":{"start":{"line":135,"column":0},"end":{"line":135,"column":null}},"loc":{"start":{"line":135,"column":0},"end":{"line":135,"column":null}}}},"branchMap":{"0":{"loc":{"start":{"line":127,"column":0},"end":{"line":131,"column":null}},"type":"if","locations":[{"start":{"line":127,"column":0},"end":{"line":131,"column":null}},{"start":{"line":127,"column":0},"end":{"line":131,"column":null}}]},"1":{"loc":{"start":{"line":129,"column":0},"end":{"line":131,"column":null}},"type":"if","locations":[{"start":{"line":129,"column":0},"end":{"line":131,"column":null}},{"start":{"line":129,"column":0},"end":{"line":131,"column":null}}]}},"s":{"0":0,"1":0,"2":0,"3":0,"4":0,"5":0,"6":0,"7":0,"8":0,"9":0,"10":0,"11":0,"12":0,"13":0,"14":0,"15":0,"16":0,"17":0,"18":0,"19":0,"20":0,"21":0,"22":0,"23":0,"24":0},"f":{"0":0,"1":0,"2":0,"3":0,"4":0,"5":0,"6":0,"7":0,"8":0},"b":{"0":[0,0],"1":[0,0]}}
,"D:\\GEEKBRAIN University\\ОБУЧЕНИЕ\\VUE.JS_Курс\\project_vue_2\\src\\plugins\\ContextMenu\\index.js": {"path":"D:\\GEEKBRAIN University\\ОБУЧЕНИЕ\\VUE.JS_Курс\\project_vue_2\\src\\plugins\\ContextMenu\\index.js","statementMap":{"0":{"start":{"line":4,"column":6},"end":{"line":6,"column":7}},"1":{"start":{"line":5,"column":9},"end":{"line":5,"column":15}},"2":{"start":{"line":8,"column":6},"end":{"line":8,"column":28}},"3":{"start":{"line":9,"column":6},"end":{"line":9,"column":25}},"4":{"start":{"line":11,"column":6},"end":{"line":29,"column":8}},"5":{"start":{"line":14,"column":27},"end":{"line":14,"column":39}},"6":{"start":{"line":15,"column":12},"end":{"line":23,"column":13}},"7":{"start":{"line":16,"column":15},"end":{"line":16,"column":36}},"8":{"start":{"line":17,"column":15},"end":{"line":20,"column":18}},"9":{"start":{"line":22,"column":15},"end":{"line":22,"column":28}},"10":{"start":{"line":26,"column":12},"end":{"line":26,"column":31}},"11":{"start":{"line":27,"column":12},"end":{"line":27,"column":41}}},"fnMap":{"0":{"name":"(anonymous_0)","decl":{"start":{"line":2,"column":3},"end":{"line":2,"column":4}},"loc":{"start":{"line":2,"column":16},"end":{"line":30,"column":4}},"line":2},"1":{"name":"(anonymous_1)","decl":{"start":{"line":13,"column":9},"end":{"line":13,"column":10}},"loc":{"start":{"line":13,"column":32},"end":{"line":24,"column":10}},"line":13},"2":{"name":"(anonymous_2)","decl":{"start":{"line":25,"column":9},"end":{"line":25,"column":10}},"loc":{"start":{"line":25,"column":17},"end":{"line":28,"column":10}},"line":25}},"branchMap":{"0":{"loc":{"start":{"line":4,"column":6},"end":{"line":6,"column":7}},"type":"if","locations":[{"start":{"line":4,"column":6},"end":{"line":6,"column":7}},{"start":{"line":4,"column":6},"end":{"line":6,"column":7}}],"line":4},"1":{"loc":{"start":{"line":15,"column":12},"end":{"line":23,"column":13}},"type":"if","locations":[{"start":{"line":15,"column":12},"end":{"line":23,"column":13}},{"start":{"line":15,"column":12},"end":{"line":23,"column":13}}],"line":15}},"s":{"0":0,"1":0,"2":0,"3":0,"4":0,"5":0,"6":0,"7":0,"8":0,"9":0,"10":0,"11":0},"f":{"0":0,"1":0,"2":0},"b":{"0":[0,0],"1":[0,0]}}
,"D:\\GEEKBRAIN University\\ОБУЧЕНИЕ\\VUE.JS_Курс\\project_vue_2\\src\\plugins\\ModalWindow\\index.js": {"path":"D:\\GEEKBRAIN University\\ОБУЧЕНИЕ\\VUE.JS_Курс\\project_vue_2\\src\\plugins\\ModalWindow\\index.js","statementMap":{"0":{"start":{"line":5,"column":6},"end":{"line":7,"column":7}},"1":{"start":{"line":6,"column":9},"end":{"line":6,"column":15}},"2":{"start":{"line":9,"column":6},"end":{"line":9,"column":28}},"3":{"start":{"line":11,"column":6},"end":{"line":20,"column":8}},"4":{"start":{"line":15,"column":12},"end":{"line":15,"column":63}},"5":{"start":{"line":18,"column":12},"end":{"line":18,"column":40}}},"fnMap":{"0":{"name":"(anonymous_0)","decl":{"start":{"line":3,"column":3},"end":{"line":3,"column":4}},"loc":{"start":{"line":3,"column":16},"end":{"line":21,"column":4}},"line":3},"1":{"name":"(anonymous_1)","decl":{"start":{"line":13,"column":9},"end":{"line":13,"column":10}},"loc":{"start":{"line":13,"column":30},"end":{"line":16,"column":10}},"line":13},"2":{"name":"(anonymous_2)","decl":{"start":{"line":17,"column":9},"end":{"line":17,"column":10}},"loc":{"start":{"line":17,"column":16},"end":{"line":19,"column":10}},"line":17}},"branchMap":{"0":{"loc":{"start":{"line":5,"column":6},"end":{"line":7,"column":7}},"type":"if","locations":[{"start":{"line":5,"column":6},"end":{"line":7,"column":7}},{"start":{"line":5,"column":6},"end":{"line":7,"column":7}}],"line":5}},"s":{"0":0,"1":0,"2":0,"3":0,"4":0,"5":0},"f":{"0":0,"1":0,"2":0},"b":{"0":[0,0]}}
,"D:\\GEEKBRAIN University\\ОБУЧЕНИЕ\\VUE.JS_Курс\\project_vue_2\\src\\router\\index.js": {"path":"D:\\GEEKBRAIN University\\ОБУЧЕНИЕ\\VUE.JS_Курс\\project_vue_2\\src\\router\\index.js","statementMap":{"0":{"start":{"line":11,"column":0},"end":{"line":11,"column":16}}},"fnMap":{},"branchMap":{},"s":{"0":0},"f":{},"b":{}}
,"D:\\GEEKBRAIN University\\ОБУЧЕНИЕ\\VUE.JS_Курс\\project_vue_2\\src\\store\\index.js": {"path":"D:\\GEEKBRAIN University\\ОБУЧЕНИЕ\\VUE.JS_Курс\\project_vue_2\\src\\store\\index.js","statementMap":{"0":{"start":{"line":4,"column":0},"end":{"line":4,"column":14}},"1":{"start":{"line":19,"column":9},"end":{"line":19,"column":38}},"2":{"start":{"line":22,"column":9},"end":{"line":22,"column":42}},"3":{"start":{"line":25,"column":9},"end":{"line":25,"column":36}},"4":{"start":{"line":29,"column":9},"end":{"line":29,"column":43}},"5":{"start":{"line":32,"column":9},"end":{"line":32,"column":61}},"6":{"start":{"line":33,"column":9},"end":{"line":33,"column":39}},"7":{"start":{"line":40,"column":32},"end":{"line":40,"column":50}},"8":{"start":{"line":43,"column":9},"end":{"line":43,"column":81}},"9":{"start":{"line":43,"column":56},"end":{"line":43,"column":76}},"10":{"start":{"line":45,"column":30},"end":{"line":45,"column":46}},"11":{"start":{"line":49,"column":9},"end":{"line":49,"column":50}},"12":{"start":{"line":49,"column":44},"end":{"line":49,"column":50}},"13":{"start":{"line":50,"column":9},"end":{"line":64,"column":56}},"14":{"start":{"line":51,"column":12},"end":{"line":62,"column":19}},"15":{"start":{"line":52,"column":29},"end":{"line":52,"column":31}},"16":{"start":{"line":53,"column":15},"end":{"line":60,"column":16}},"17":{"start":{"line":53,"column":28},"end":{"line":53,"column":29}},"18":{"start":{"line":54,"column":18},"end":{"line":59,"column":20}},"19":{"start":{"line":61,"column":15},"end":{"line":61,"column":30}},"20":{"start":{"line":64,"column":22},"end":{"line":64,"column":55}},"21":{"start":{"line":67,"column":9},"end":{"line":74,"column":59}},"22":{"start":{"line":68,"column":15},"end":{"line":72,"column":23}},"23":{"start":{"line":69,"column":37},"end":{"line":69,"column":92}},"24":{"start":{"line":71,"column":18},"end":{"line":71,"column":38}},"25":{"start":{"line":74,"column":22},"end":{"line":74,"column":58}},"26":{"start":{"line":80,"column":3},"end":{"line":80,"column":32}}},"fnMap":{"0":{"name":"(anonymous_0)","decl":{"start":{"line":12,"column":6},"end":{"line":12,"column":7}},"loc":{"start":{"line":12,"column":41},"end":{"line":20,"column":7}},"line":12},"1":{"name":"(anonymous_1)","decl":{"start":{"line":21,"column":6},"end":{"line":21,"column":7}},"loc":{"start":{"line":21,"column":43},"end":{"line":23,"column":7}},"line":21},"2":{"name":"(anonymous_2)","decl":{"start":{"line":24,"column":6},"end":{"line":24,"column":7}},"loc":{"start":{"line":24,"column":44},"end":{"line":26,"column":7}},"line":24},"3":{"name":"(anonymous_3)","decl":{"start":{"line":28,"column":6},"end":{"line":28,"column":7}},"loc":{"start":{"line":28,"column":37},"end":{"line":30,"column":7}},"line":28},"4":{"name":"(anonymous_4)","decl":{"start":{"line":31,"column":6},"end":{"line":31,"column":7}},"loc":{"start":{"line":31,"column":27},"end":{"line":34,"column":7}},"line":31},"5":{"name":"(anonymous_5)","decl":{"start":{"line":40,"column":23},"end":{"line":40,"column":24}},"loc":{"start":{"line":40,"column":32},"end":{"line":40,"column":50}},"line":40},"6":{"name":"(anonymous_6)","decl":{"start":{"line":42,"column":28},"end":{"line":42,"column":29}},"loc":{"start":{"line":42,"column":37},"end":{"line":44,"column":7}},"line":42},"7":{"name":"(anonymous_7)","decl":{"start":{"line":43,"column":42},"end":{"line":43,"column":43}},"loc":{"start":{"line":43,"column":56},"end":{"line":43,"column":76}},"line":43},"8":{"name":"(anonymous_8)","decl":{"start":{"line":45,"column":21},"end":{"line":45,"column":22}},"loc":{"start":{"line":45,"column":30},"end":{"line":45,"column":46}},"line":45},"9":{"name":"(anonymous_9)","decl":{"start":{"line":48,"column":6},"end":{"line":48,"column":7}},"loc":{"start":{"line":48,"column":28},"end":{"line":65,"column":7}},"line":48},"10":{"name":"(anonymous_10)","decl":{"start":{"line":50,"column":28},"end":{"line":50,"column":29}},"loc":{"start":{"line":50,"column":41},"end":{"line":63,"column":10}},"line":50},"11":{"name":"(anonymous_11)","decl":{"start":{"line":51,"column":23},"end":{"line":51,"column":24}},"loc":{"start":{"line":51,"column":29},"end":{"line":62,"column":13}},"line":51},"12":{"name":"(anonymous_12)","decl":{"start":{"line":64,"column":15},"end":{"line":64,"column":16}},"loc":{"start":{"line":64,"column":22},"end":{"line":64,"column":55}},"line":64},"13":{"name":"(anonymous_13)","decl":{"start":{"line":66,"column":6},"end":{"line":66,"column":7}},"loc":{"start":{"line":66,"column":34},"end":{"line":75,"column":3}},"line":66},"14":{"name":"(anonymous_14)","decl":{"start":{"line":67,"column":28},"end":{"line":67,"column":29}},"loc":{"start":{"line":67,"column":41},"end":{"line":73,"column":10}},"line":67},"15":{"name":"(anonymous_15)","decl":{"start":{"line":68,"column":26},"end":{"line":68,"column":27}},"loc":{"start":{"line":68,"column":32},"end":{"line":72,"column":16}},"line":68},"16":{"name":"(anonymous_16)","decl":{"start":{"line":74,"column":15},"end":{"line":74,"column":16}},"loc":{"start":{"line":74,"column":22},"end":{"line":74,"column":58}},"line":74},"17":{"name":"(anonymous_17)","decl":{"start":{"line":77,"column":2},"end":{"line":77,"column":3}},"loc":{"start":{"line":79,"column":14},"end":{"line":81,"column":3}},"line":79}},"branchMap":{"0":{"loc":{"start":{"line":49,"column":9},"end":{"line":49,"column":50}},"type":"if","locations":[{"start":{"line":49,"column":9},"end":{"line":49,"column":50}},{"start":{"line":49,"column":9},"end":{"line":49,"column":50}}],"line":49}},"s":{"0":0,"1":0,"2":0,"3":0,"4":0,"5":0,"6":0,"7":0,"8":0,"9":0,"10":0,"11":0,"12":0,"13":0,"14":0,"15":0,"16":0,"17":0,"18":0,"19":0,"20":0,"21":0,"22":0,"23":0,"24":0,"25":0,"26":0},"f":{"0":0,"1":0,"2":0,"3":0,"4":0,"5":0,"6":0,"7":0,"8":0,"9":0,"10":0,"11":0,"12":0,"13":0,"14":0,"15":0,"16":0,"17":0},"b":{"0":[0,0]}}
,"D:\\GEEKBRAIN University\\ОБУЧЕНИЕ\\VUE.JS_Курс\\project_vue_2\\src\\tests\\TestCompVuex.vue": {"path":"D:\\GEEKBRAIN University\\ОБУЧЕНИЕ\\VUE.JS_Курс\\project_vue_2\\src\\tests\\TestCompVuex.vue","statementMap":{"0":{"start":{"line":12,"column":0},"end":{"line":12,"column":null}},"1":{"start":{"line":16,"column":0},"end":{"line":16,"column":null}},"2":{"start":{"line":25,"column":0},"end":{"line":25,"column":null}},"3":{"start":{"line":26,"column":0},"end":{"line":26,"column":null}}},"fnMap":{"0":{"name":"(anonymous_1)","decl":{"start":{"line":15,"column":0},"end":{"line":15,"column":null}},"loc":{"start":{"line":15,"column":0},"end":{"line":19,"column":null}}},"1":{"name":"(anonymous_2)","decl":{"start":{"line":24,"column":0},"end":{"line":24,"column":null}},"loc":{"start":{"line":24,"column":0},"end":{"line":27,"column":null}}}},"branchMap":{},"s":{"0":0,"1":0,"2":0,"3":0},"f":{"0":0,"1":0},"b":{}}
,"D:\\GEEKBRAIN University\\ОБУЧЕНИЕ\\VUE.JS_Курс\\project_vue_2\\src_calc\\App.vue": {"path":"D:\\GEEKBRAIN University\\ОБУЧЕНИЕ\\VUE.JS_Курс\\project_vue_2\\src_calc\\App.vue","statementMap":{"0":{"start":{"line":13,"column":0},"end":{"line":13,"column":null}},"1":{"start":{"line":14,"column":0},"end":{"line":14,"column":null}},"2":{"start":{"line":15,"column":0},"end":{"line":15,"column":null}},"3":{"start":{"line":20,"column":0},"end":{"line":20,"column":null}}},"fnMap":{"0":{"name":"(anonymous_1)","decl":{"start":{"line":19,"column":0},"end":{"line":19,"column":null}},"loc":{"start":{"line":19,"column":0},"end":{"line":23,"column":null}}}},"branchMap":{},"s":{"0":0,"1":0,"2":0,"3":0},"f":{"0":0},"b":{}}
,"D:\\GEEKBRAIN University\\ОБУЧЕНИЕ\\VUE.JS_Курс\\project_vue_2\\src_calc\\main.js": {"path":"D:\\GEEKBRAIN University\\ОБУЧЕНИЕ\\VUE.JS_Курс\\project_vue_2\\src_calc\\main.js","statementMap":{"0":{"start":{"line":5,"column":0},"end":{"line":5,"column":33}},"1":{"start":{"line":7,"column":0},"end":{"line":9,"column":18}},"2":{"start":{"line":8,"column":14},"end":{"line":8,"column":20}}},"fnMap":{"0":{"name":"(anonymous_0)","decl":{"start":{"line":8,"column":9},"end":{"line":8,"column":10}},"loc":{"start":{"line":8,"column":14},"end":{"line":8,"column":20}},"line":8}},"branchMap":{},"s":{"0":0,"1":0,"2":0},"f":{"0":0},"b":{}}
,"D:\\GEEKBRAIN University\\ОБУЧЕНИЕ\\VUE.JS_Курс\\project_vue_2\\src_calc\\components\\Calculator.vue": {"path":"D:\\GEEKBRAIN University\\ОБУЧЕНИЕ\\VUE.JS_Курс\\project_vue_2\\src_calc\\components\\Calculator.vue","statementMap":{"0":{"start":{"line":318,"column":0},"end":{"line":318,"column":null}},"1":{"start":{"line":356,"column":0},"end":{"line":356,"column":null}},"2":{"start":{"line":359,"column":0},"end":{"line":359,"column":null}},"3":{"start":{"line":360,"column":0},"end":{"line":360,"column":null}},"4":{"start":{"line":362,"column":0},"end":{"line":362,"column":null}},"5":{"start":{"line":363,"column":0},"end":{"line":363,"column":null}},"6":{"start":{"line":364,"column":0},"end":{"line":364,"column":null}},"7":{"start":{"line":366,"column":0},"end":{"line":366,"column":null}},"8":{"start":{"line":367,"column":0},"end":{"line":367,"column":null}},"9":{"start":{"line":368,"column":0},"end":{"line":368,"column":null}},"10":{"start":{"line":370,"column":0},"end":{"line":370,"column":null}},"11":{"start":{"line":371,"column":0},"end":{"line":371,"column":null}},"12":{"start":{"line":372,"column":0},"end":{"line":372,"column":null}},"13":{"start":{"line":374,"column":0},"end":{"line":374,"column":null}},"14":{"start":{"line":375,"column":0},"end":{"line":375,"column":null}},"15":{"start":{"line":376,"column":0},"end":{"line":376,"column":null}},"16":{"start":{"line":378,"column":0},"end":{"line":378,"column":null}},"17":{"start":{"line":379,"column":0},"end":{"line":379,"column":null}},"18":{"start":{"line":380,"column":0},"end":{"line":380,"column":null}},"19":{"start":{"line":382,"column":0},"end":{"line":382,"column":null}},"20":{"start":{"line":383,"column":0},"end":{"line":383,"column":null}},"21":{"start":{"line":384,"column":0},"end":{"line":384,"column":null}},"22":{"start":{"line":386,"column":0},"end":{"line":386,"column":null}},"23":{"start":{"line":387,"column":0},"end":{"line":387,"column":null}},"24":{"start":{"line":388,"column":0},"end":{"line":388,"column":null}},"25":{"start":{"line":390,"column":0},"end":{"line":390,"column":null}},"26":{"start":{"line":391,"column":0},"end":{"line":391,"column":null}},"27":{"start":{"line":392,"column":0},"end":{"line":392,"column":null}},"28":{"start":{"line":394,"column":0},"end":{"line":394,"column":null}},"29":{"start":{"line":396,"column":0},"end":{"line":396,"column":null}},"30":{"start":{"line":397,"column":0},"end":{"line":397,"column":null}},"31":{"start":{"line":398,"column":0},"end":{"line":398,"column":null}},"32":{"start":{"line":401,"column":0},"end":{"line":401,"column":null}},"33":{"start":{"line":404,"column":0},"end":{"line":404,"column":null}},"34":{"start":{"line":407,"column":0},"end":{"line":412,"column":null}},"35":{"start":{"line":408,"column":0},"end":{"line":408,"column":null}},"36":{"start":{"line":410,"column":0},"end":{"line":410,"column":null}},"37":{"start":{"line":411,"column":0},"end":{"line":411,"column":null}},"38":{"start":{"line":415,"column":0},"end":{"line":420,"column":null}},"39":{"start":{"line":416,"column":0},"end":{"line":416,"column":null}},"40":{"start":{"line":418,"column":0},"end":{"line":418,"column":null}},"41":{"start":{"line":419,"column":0},"end":{"line":419,"column":null}},"42":{"start":{"line":423,"column":0},"end":{"line":423,"column":null}},"43":{"start":{"line":424,"column":0},"end":{"line":429,"column":null}},"44":{"start":{"line":425,"column":0},"end":{"line":425,"column":null}},"45":{"start":{"line":427,"column":0},"end":{"line":427,"column":null}},"46":{"start":{"line":428,"column":0},"end":{"line":428,"column":null}},"47":{"start":{"line":432,"column":0},"end":{"line":437,"column":null}},"48":{"start":{"line":433,"column":0},"end":{"line":433,"column":null}},"49":{"start":{"line":435,"column":0},"end":{"line":435,"column":null}},"50":{"start":{"line":436,"column":0},"end":{"line":436,"column":null}},"51":{"start":{"line":440,"column":0},"end":{"line":445,"column":null}},"52":{"start":{"line":441,"column":0},"end":{"line":441,"column":null}},"53":{"start":{"line":443,"column":0},"end":{"line":443,"column":null}},"54":{"start":{"line":444,"column":0},"end":{"line":444,"column":null}},"55":{"start":{"line":448,"column":0},"end":{"line":453,"column":null}},"56":{"start":{"line":449,"column":0},"end":{"line":449,"column":null}},"57":{"start":{"line":451,"column":0},"end":{"line":451,"column":null}},"58":{"start":{"line":452,"column":0},"end":{"line":452,"column":null}},"59":{"start":{"line":456,"column":0},"end":{"line":462,"column":null}},"60":{"start":{"line":457,"column":0},"end":{"line":457,"column":null}},"61":{"start":{"line":459,"column":0},"end":{"line":459,"column":null}},"62":{"start":{"line":460,"column":0},"end":{"line":460,"column":null}},"63":{"start":{"line":461,"column":0},"end":{"line":461,"column":null}},"64":{"start":{"line":465,"column":0},"end":{"line":471,"column":null}},"65":{"start":{"line":466,"column":0},"end":{"line":466,"column":null}},"66":{"start":{"line":468,"column":0},"end":{"line":468,"column":null}},"67":{"start":{"line":469,"column":0},"end":{"line":469,"column":null}},"68":{"start":{"line":470,"column":0},"end":{"line":470,"column":null}},"69":{"start":{"line":474,"column":0},"end":{"line":480,"column":null}},"70":{"start":{"line":475,"column":0},"end":{"line":475,"column":null}},"71":{"start":{"line":476,"column":0},"end":{"line":476,"column":null}},"72":{"start":{"line":477,"column":0},"end":{"line":477,"column":null}},"73":{"start":{"line":478,"column":0},"end":{"line":478,"column":null}},"74":{"start":{"line":479,"column":0},"end":{"line":479,"column":null}},"75":{"start":{"line":484,"column":0},"end":{"line":492,"column":null}},"76":{"start":{"line":485,"column":0},"end":{"line":485,"column":null}},"77":{"start":{"line":486,"column":0},"end":{"line":492,"column":null}},"78":{"start":{"line":487,"column":0},"end":{"line":487,"column":null}},"79":{"start":{"line":488,"column":0},"end":{"line":492,"column":null}},"80":{"start":{"line":489,"column":0},"end":{"line":489,"column":null}},"81":{"start":{"line":491,"column":0},"end":{"line":491,"column":null}},"82":{"start":{"line":493,"column":0},"end":{"line":493,"column":null}},"83":{"start":{"line":496,"column":0},"end":{"line":502,"column":null}},"84":{"start":{"line":497,"column":0},"end":{"line":497,"column":null}},"85":{"start":{"line":498,"column":0},"end":{"line":498,"column":null}},"86":{"start":{"line":500,"column":0},"end":{"line":500,"column":null}},"87":{"start":{"line":501,"column":0},"end":{"line":501,"column":null}},"88":{"start":{"line":507,"column":0},"end":{"line":513,"column":null}},"89":{"start":{"line":508,"column":0},"end":{"line":508,"column":null}},"90":{"start":{"line":509,"column":0},"end":{"line":509,"column":null}},"91":{"start":{"line":511,"column":0},"end":{"line":511,"column":null}},"92":{"start":{"line":512,"column":0},"end":{"line":512,"column":null}},"93":{"start":{"line":516,"column":0},"end":{"line":522,"column":null}},"94":{"start":{"line":517,"column":0},"end":{"line":517,"column":null}},"95":{"start":{"line":518,"column":0},"end":{"line":518,"column":null}},"96":{"start":{"line":520,"column":0},"end":{"line":520,"column":null}},"97":{"start":{"line":521,"column":0},"end":{"line":521,"column":null}},"98":{"start":{"line":530,"column":0},"end":{"line":530,"column":null}},"99":{"start":{"line":533,"column":0},"end":{"line":533,"column":null}}},"fnMap":{"0":{"name":"(anonymous_1)","decl":{"start":{"line":317,"column":0},"end":{"line":317,"column":null}},"loc":{"start":{"line":317,"column":0},"end":{"line":349,"column":null}}},"1":{"name":"(anonymous_2)","decl":{"start":{"line":355,"column":0},"end":{"line":355,"column":null}},"loc":{"start":{"line":355,"column":0},"end":{"line":357,"column":null}}},"2":{"name":"(anonymous_3)","decl":{"start":{"line":358,"column":0},"end":{"line":358,"column":null}},"loc":{"start":{"line":358,"column":0},"end":{"line":399,"column":null}}},"3":{"name":"(anonymous_4)","decl":{"start":{"line":400,"column":0},"end":{"line":400,"column":null}},"loc":{"start":{"line":400,"column":0},"end":{"line":402,"column":null}}},"4":{"name":"(anonymous_5)","decl":{"start":{"line":403,"column":0},"end":{"line":403,"column":null}},"loc":{"start":{"line":403,"column":0},"end":{"line":405,"column":null}}},"5":{"name":"(anonymous_6)","decl":{"start":{"line":406,"column":0},"end":{"line":406,"column":null}},"loc":{"start":{"line":406,"column":0},"end":{"line":413,"column":null}}},"6":{"name":"(anonymous_7)","decl":{"start":{"line":414,"column":0},"end":{"line":414,"column":null}},"loc":{"start":{"line":414,"column":0},"end":{"line":421,"column":null}}},"7":{"name":"(anonymous_8)","decl":{"start":{"line":422,"column":0},"end":{"line":422,"column":null}},"loc":{"start":{"line":422,"column":0},"end":{"line":430,"column":null}}},"8":{"name":"(anonymous_9)","decl":{"start":{"line":431,"column":0},"end":{"line":431,"column":null}},"loc":{"start":{"line":431,"column":0},"end":{"line":438,"column":null}}},"9":{"name":"(anonymous_10)","decl":{"start":{"line":439,"column":0},"end":{"line":439,"column":null}},"loc":{"start":{"line":439,"column":0},"end":{"line":446,"column":null}}},"10":{"name":"(anonymous_11)","decl":{"start":{"line":447,"column":0},"end":{"line":447,"column":null}},"loc":{"start":{"line":447,"column":0},"end":{"line":454,"column":null}}},"11":{"name":"(anonymous_12)","decl":{"start":{"line":455,"column":0},"end":{"line":455,"column":null}},"loc":{"start":{"line":455,"column":0},"end":{"line":463,"column":null}}},"12":{"name":"(anonymous_13)","decl":{"start":{"line":464,"column":0},"end":{"line":464,"column":null}},"loc":{"start":{"line":464,"column":0},"end":{"line":472,"column":null}}},"13":{"name":"(anonymous_14)","decl":{"start":{"line":473,"column":0},"end":{"line":473,"column":null}},"loc":{"start":{"line":473,"column":0},"end":{"line":482,"column":null}}},"14":{"name":"(anonymous_15)","decl":{"start":{"line":483,"column":0},"end":{"line":483,"column":null}},"loc":{"start":{"line":483,"column":0},"end":{"line":494,"column":null}}},"15":{"name":"(anonymous_16)","decl":{"start":{"line":495,"column":0},"end":{"line":495,"column":null}},"loc":{"start":{"line":495,"column":0},"end":{"line":505,"column":null}}},"16":{"name":"(anonymous_17)","decl":{"start":{"line":506,"column":0},"end":{"line":506,"column":null}},"loc":{"start":{"line":506,"column":0},"end":{"line":514,"column":null}}},"17":{"name":"(anonymous_18)","decl":{"start":{"line":515,"column":0},"end":{"line":515,"column":null}},"loc":{"start":{"line":515,"column":0},"end":{"line":525,"column":null}}},"18":{"name":"(anonymous_19)","decl":{"start":{"line":529,"column":0},"end":{"line":529,"column":null}},"loc":{"start":{"line":529,"column":0},"end":{"line":531,"column":null}}},"19":{"name":"(anonymous_20)","decl":{"start":{"line":532,"column":0},"end":{"line":532,"column":null}},"loc":{"start":{"line":532,"column":0},"end":{"line":534,"column":null}}}},"branchMap":{"0":{"loc":{"start":{"line":356,"column":0},"end":{"line":356,"column":null}},"type":"cond-expr","locations":[{"start":{"line":356,"column":0},"end":{"line":356,"column":null}},{"start":{"line":356,"column":0},"end":{"line":356,"column":null}}]},"1":{"loc":{"start":{"line":358,"column":0},"end":{"line":358,"column":null}},"type":"default-arg","locations":[{"start":{"line":358,"column":0},"end":{"line":358,"column":null}}]},"2":{"loc":{"start":{"line":361,"column":0},"end":{"line":364,"column":null}},"type":"switch","locations":[{"start":{"line":361,"column":0},"end":{"line":364,"column":null}},{"start":{"line":365,"column":0},"end":{"line":368,"column":null}},{"start":{"line":369,"column":0},"end":{"line":372,"column":null}},{"start":{"line":373,"column":0},"end":{"line":376,"column":null}},{"start":{"line":377,"column":0},"end":{"line":380,"column":null}},{"start":{"line":381,"column":0},"end":{"line":384,"column":null}},{"start":{"line":385,"column":0},"end":{"line":388,"column":null}},{"start":{"line":389,"column":0},"end":{"line":392,"column":null}},{"start":{"line":393,"column":0},"end":{"line":394,"column":null}}]},"3":{"loc":{"start":{"line":407,"column":0},"end":{"line":412,"column":null}},"type":"if","locations":[{"start":{"line":407,"column":0},"end":{"line":412,"column":null}},{"start":{"line":407,"column":0},"end":{"line":412,"column":null}}]},"4":{"loc":{"start":{"line":407,"column":0},"end":{"line":407,"column":null}},"type":"binary-expr","locations":[{"start":{"line":407,"column":0},"end":{"line":407,"column":null}},{"start":{"line":407,"column":0},"end":{"line":407,"column":null}},{"start":{"line":407,"column":0},"end":{"line":407,"column":null}},{"start":{"line":407,"column":0},"end":{"line":407,"column":null}},{"start":{"line":407,"column":0},"end":{"line":407,"column":null}},{"start":{"line":407,"column":0},"end":{"line":407,"column":null}}]},"5":{"loc":{"start":{"line":415,"column":0},"end":{"line":420,"column":null}},"type":"if","locations":[{"start":{"line":415,"column":0},"end":{"line":420,"column":null}},{"start":{"line":415,"column":0},"end":{"line":420,"column":null}}]},"6":{"loc":{"start":{"line":415,"column":0},"end":{"line":415,"column":null}},"type":"binary-expr","locations":[{"start":{"line":415,"column":0},"end":{"line":415,"column":null}},{"start":{"line":415,"column":0},"end":{"line":415,"column":null}},{"start":{"line":415,"column":0},"end":{"line":415,"column":null}},{"start":{"line":415,"column":0},"end":{"line":415,"column":null}},{"start":{"line":415,"column":0},"end":{"line":415,"column":null}}]},"7":{"loc":{"start":{"line":424,"column":0},"end":{"line":429,"column":null}},"type":"if","locations":[{"start":{"line":424,"column":0},"end":{"line":429,"column":null}},{"start":{"line":424,"column":0},"end":{"line":429,"column":null}}]},"8":{"loc":{"start":{"line":424,"column":0},"end":{"line":424,"column":null}},"type":"binary-expr","locations":[{"start":{"line":424,"column":0},"end":{"line":424,"column":null}},{"start":{"line":424,"column":0},"end":{"line":424,"column":null}},{"start":{"line":424,"column":0},"end":{"line":424,"column":null}},{"start":{"line":424,"column":0},"end":{"line":424,"column":null}},{"start":{"line":424,"column":0},"end":{"line":424,"column":null}}]},"9":{"loc":{"start":{"line":432,"column":0},"end":{"line":437,"column":null}},"type":"if","locations":[{"start":{"line":432,"column":0},"end":{"line":437,"column":null}},{"start":{"line":432,"column":0},"end":{"line":437,"column":null}}]},"10":{"loc":{"start":{"line":432,"column":0},"end":{"line":432,"column":null}},"type":"binary-expr","locations":[{"start":{"line":432,"column":0},"end":{"line":432,"column":null}},{"start":{"line":432,"column":0},"end":{"line":432,"column":null}},{"start":{"line":432,"column":0},"end":{"line":432,"column":null}},{"start":{"line":432,"column":0},"end":{"line":432,"column":null}},{"start":{"line":432,"column":0},"end":{"line":432,"column":null}}]},"11":{"loc":{"start":{"line":440,"column":0},"end":{"line":445,"column":null}},"type":"if","locations":[{"start":{"line":440,"column":0},"end":{"line":445,"column":null}},{"start":{"line":440,"column":0},"end":{"line":445,"column":null}}]},"12":{"loc":{"start":{"line":440,"column":0},"end":{"line":440,"column":null}},"type":"binary-expr","locations":[{"start":{"line":440,"column":0},"end":{"line":440,"column":null}},{"start":{"line":440,"column":0},"end":{"line":440,"column":null}},{"start":{"line":440,"column":0},"end":{"line":440,"column":null}},{"start":{"line":440,"column":0},"end":{"line":440,"column":null}},{"start":{"line":440,"column":0},"end":{"line":440,"column":null}}]},"13":{"loc":{"start":{"line":448,"column":0},"end":{"line":453,"column":null}},"type":"if","locations":[{"start":{"line":448,"column":0},"end":{"line":453,"column":null}},{"start":{"line":448,"column":0},"end":{"line":453,"column":null}}]},"14":{"loc":{"start":{"line":448,"column":0},"end":{"line":448,"column":null}},"type":"binary-expr","locations":[{"start":{"line":448,"column":0},"end":{"line":448,"column":null}},{"start":{"line":448,"column":0},"end":{"line":448,"column":null}},{"start":{"line":448,"column":0},"end":{"line":448,"column":null}},{"start":{"line":448,"column":0},"end":{"line":448,"column":null}},{"start":{"line":448,"column":0},"end":{"line":448,"column":null}}]},"15":{"loc":{"start":{"line":456,"column":0},"end":{"line":462,"column":null}},"type":"if","locations":[{"start":{"line":456,"column":0},"end":{"line":462,"column":null}},{"start":{"line":456,"column":0},"end":{"line":462,"column":null}}]},"16":{"loc":{"start":{"line":456,"column":0},"end":{"line":456,"column":null}},"type":"binary-expr","locations":[{"start":{"line":456,"column":0},"end":{"line":456,"column":null}},{"start":{"line":456,"column":0},"end":{"line":456,"column":null}}]},"17":{"loc":{"start":{"line":465,"column":0},"end":{"line":471,"column":null}},"type":"if","locations":[{"start":{"line":465,"column":0},"end":{"line":471,"column":null}},{"start":{"line":465,"column":0},"end":{"line":471,"column":null}}]},"18":{"loc":{"start":{"line":465,"column":0},"end":{"line":465,"column":null}},"type":"binary-expr","locations":[{"start":{"line":465,"column":0},"end":{"line":465,"column":null}},{"start":{"line":465,"column":0},"end":{"line":465,"column":null}},{"start":{"line":465,"column":0},"end":{"line":465,"column":null}}]},"19":{"loc":{"start":{"line":474,"column":0},"end":{"line":480,"column":null}},"type":"if","locations":[{"start":{"line":474,"column":0},"end":{"line":480,"column":null}},{"start":{"line":474,"column":0},"end":{"line":480,"column":null}}]},"20":{"loc":{"start":{"line":474,"column":0},"end":{"line":474,"column":null}},"type":"binary-expr","locations":[{"start":{"line":474,"column":0},"end":{"line":474,"column":null}},{"start":{"line":474,"column":0},"end":{"line":474,"column":null}}]},"21":{"loc":{"start":{"line":484,"column":0},"end":{"line":492,"column":null}},"type":"if","locations":[{"start":{"line":484,"column":0},"end":{"line":492,"column":null}},{"start":{"line":484,"column":0},"end":{"line":492,"column":null}}]},"22":{"loc":{"start":{"line":486,"column":0},"end":{"line":492,"column":null}},"type":"if","locations":[{"start":{"line":486,"column":0},"end":{"line":492,"column":null}},{"start":{"line":486,"column":0},"end":{"line":492,"column":null}}]},"23":{"loc":{"start":{"line":486,"column":0},"end":{"line":486,"column":null}},"type":"binary-expr","locations":[{"start":{"line":486,"column":0},"end":{"line":486,"column":null}},{"start":{"line":486,"column":0},"end":{"line":486,"column":null}}]},"24":{"loc":{"start":{"line":488,"column":0},"end":{"line":492,"column":null}},"type":"if","locations":[{"start":{"line":488,"column":0},"end":{"line":492,"column":null}},{"start":{"line":488,"column":0},"end":{"line":492,"column":null}}]},"25":{"loc":{"start":{"line":496,"column":0},"end":{"line":502,"column":null}},"type":"if","locations":[{"start":{"line":496,"column":0},"end":{"line":502,"column":null}},{"start":{"line":496,"column":0},"end":{"line":502,"column":null}}]},"26":{"loc":{"start":{"line":507,"column":0},"end":{"line":513,"column":null}},"type":"if","locations":[{"start":{"line":507,"column":0},"end":{"line":513,"column":null}},{"start":{"line":507,"column":0},"end":{"line":513,"column":null}}]},"27":{"loc":{"start":{"line":516,"column":0},"end":{"line":522,"column":null}},"type":"if","locations":[{"start":{"line":516,"column":0},"end":{"line":522,"column":null}},{"start":{"line":516,"column":0},"end":{"line":522,"column":null}}]}},"s":{"0":4,"1":16,"2":2,"3":2,"4":1,"5":1,"6":1,"7":1,"8":1,"9":1,"10":0,"11":0,"12":0,"13":0,"14":0,"15":0,"16":0,"17":0,"18":0,"19":0,"20":0,"21":0,"22":0,"23":0,"24":0,"25":0,"26":0,"27":0,"28":0,"29":2,"30":2,"31":2,"32":0,"33":0,"34":1,"35":0,"36":1,"37":1,"38":1,"39":0,"40":1,"41":1,"42":0,"43":0,"44":0,"45":0,"46":0,"47":0,"48":0,"49":0,"50":0,"51":0,"52":0,"53":0,"54":0,"55":0,"56":0,"57":0,"58":0,"59":0,"60":0,"61":0,"62":0,"63":0,"64":0,"65":0,"66":0,"67":0,"68":0,"69":0,"70":0,"71":0,"72":0,"73":0,"74":0,"75":2,"76":0,"77":2,"78":2,"79":0,"80":0,"81":0,"82":2,"83":0,"84":0,"85":0,"86":0,"87":0,"88":0,"89":0,"90":0,"91":0,"92":0,"93":0,"94":0,"95":0,"96":0,"97":0,"98":2,"99":2},"f":{"0":4,"1":16,"2":2,"3":0,"4":0,"5":1,"6":1,"7":0,"8":0,"9":0,"10":0,"11":0,"12":0,"13":0,"14":2,"15":0,"16":0,"17":0,"18":2,"19":2},"b":{"0":[10,6],"1":[0],"2":[1,1,0,0,0,0,0,0,0],"3":[0,1],"4":[1,1,1,1,1,1],"5":[0,1],"6":[1,1,1,1,1],"7":[0,0],"8":[0,0,0,0,0],"9":[0,0],"10":[0,0,0,0,0],"11":[0,0],"12":[0,0,0,0,0],"13":[0,0],"14":[0,0,0,0,0],"15":[0,0],"16":[0,0],"17":[0,0],"18":[0,0,0],"19":[0,0],"20":[0,0],"21":[0,2],"22":[2,0],"23":[2,2],"24":[0,0],"25":[0,0],"26":[0,0],"27":[0,0]}}
}
