{"D:\\GEEKBRAIN University\\ОБУЧЕНИЕ\\VUE.JS_Курс\\project_vue_2\\.eslintrc.js": {"path":"D:\\GEEKBRAIN University\\ОБУЧЕНИЕ\\VUE.JS_Курс\\project_vue_2\\.eslintrc.js","statementMap":{"0":{"start":{"line":1,"column":0},"end":{"line":17,"column":1}}},"fnMap":{},"branchMap":{"0":{"loc":{"start":{"line":14,"column":18},"end":{"line":14,"column":72}},"type":"cond-expr","locations":[{"start":{"line":14,"column":58},"end":{"line":14,"column":64}},{"start":{"line":14,"column":67},"end":{"line":14,"column":72}}],"line":14},"1":{"loc":{"start":{"line":15,"column":19},"end":{"line":15,"column":73}},"type":"cond-expr","locations":[{"start":{"line":15,"column":59},"end":{"line":15,"column":65}},{"start":{"line":15,"column":68},"end":{"line":15,"column":73}}],"line":15}},"s":{"0":0},"f":{},"b":{"0":[0,0],"1":[0,0]}}
,"D:\\GEEKBRAIN University\\ОБУЧЕНИЕ\\VUE.JS_Курс\\project_vue_2\\babel.config.js": {"path":"D:\\GEEKBRAIN University\\ОБУЧЕНИЕ\\VUE.JS_Курс\\project_vue_2\\babel.config.js","statementMap":{"0":{"start":{"line":1,"column":0},"end":{"line":5,"column":1}}},"fnMap":{},"branchMap":{},"s":{"0":0},"f":{},"b":{}}
,"D:\\GEEKBRAIN University\\ОБУЧЕНИЕ\\VUE.JS_Курс\\project_vue_2\\src\\App.vue": {"path":"D:\\GEEKBRAIN University\\ОБУЧЕНИЕ\\VUE.JS_Курс\\project_vue_2\\src\\App.vue","statementMap":{"0":{"start":{"line":13,"column":0},"end":{"line":13,"column":null}},"1":{"start":{"line":14,"column":0},"end":{"line":14,"column":null}},"2":{"start":{"line":15,"column":0},"end":{"line":15,"column":null}},"3":{"start":{"line":20,"column":0},"end":{"line":20,"column":null}}},"fnMap":{"0":{"name":"(anonymous_1)","decl":{"start":{"line":19,"column":0},"end":{"line":19,"column":null}},"loc":{"start":{"line":19,"column":0},"end":{"line":23,"column":null}}}},"branchMap":{},"s":{"0":0,"1":0,"2":0,"3":0},"f":{"0":0},"b":{}}
,"D:\\GEEKBRAIN University\\ОБУЧЕНИЕ\\VUE.JS_Курс\\project_vue_2\\src\\main.js": {"path":"D:\\GEEKBRAIN University\\ОБУЧЕНИЕ\\VUE.JS_Курс\\project_vue_2\\src\\main.js","statementMap":{"0":{"start":{"line":5,"column":0},"end":{"line":5,"column":33}},"1":{"start":{"line":7,"column":0},"end":{"line":9,"column":18}},"2":{"start":{"line":8,"column":14},"end":{"line":8,"column":20}}},"fnMap":{"0":{"name":"(anonymous_0)","decl":{"start":{"line":8,"column":9},"end":{"line":8,"column":10}},"loc":{"start":{"line":8,"column":14},"end":{"line":8,"column":20}},"line":8}},"branchMap":{},"s":{"0":0,"1":0,"2":0},"f":{"0":0},"b":{}}
,"D:\\GEEKBRAIN University\\ОБУЧЕНИЕ\\VUE.JS_Курс\\project_vue_2\\src\\components\\Calculator.vue": {"path":"D:\\GEEKBRAIN University\\ОБУЧЕНИЕ\\VUE.JS_Курс\\project_vue_2\\src\\components\\Calculator.vue","statementMap":{"0":{"start":{"line":321,"column":0},"end":{"line":321,"column":null}},"1":{"start":{"line":359,"column":0},"end":{"line":359,"column":null}},"2":{"start":{"line":362,"column":0},"end":{"line":362,"column":null}},"3":{"start":{"line":363,"column":0},"end":{"line":363,"column":null}},"4":{"start":{"line":365,"column":0},"end":{"line":365,"column":null}},"5":{"start":{"line":366,"column":0},"end":{"line":366,"column":null}},"6":{"start":{"line":367,"column":0},"end":{"line":367,"column":null}},"7":{"start":{"line":369,"column":0},"end":{"line":369,"column":null}},"8":{"start":{"line":370,"column":0},"end":{"line":370,"column":null}},"9":{"start":{"line":371,"column":0},"end":{"line":371,"column":null}},"10":{"start":{"line":373,"column":0},"end":{"line":373,"column":null}},"11":{"start":{"line":374,"column":0},"end":{"line":374,"column":null}},"12":{"start":{"line":375,"column":0},"end":{"line":375,"column":null}},"13":{"start":{"line":377,"column":0},"end":{"line":377,"column":null}},"14":{"start":{"line":378,"column":0},"end":{"line":378,"column":null}},"15":{"start":{"line":379,"column":0},"end":{"line":379,"column":null}},"16":{"start":{"line":381,"column":0},"end":{"line":381,"column":null}},"17":{"start":{"line":382,"column":0},"end":{"line":382,"column":null}},"18":{"start":{"line":383,"column":0},"end":{"line":383,"column":null}},"19":{"start":{"line":385,"column":0},"end":{"line":385,"column":null}},"20":{"start":{"line":386,"column":0},"end":{"line":386,"column":null}},"21":{"start":{"line":387,"column":0},"end":{"line":387,"column":null}},"22":{"start":{"line":389,"column":0},"end":{"line":389,"column":null}},"23":{"start":{"line":390,"column":0},"end":{"line":390,"column":null}},"24":{"start":{"line":391,"column":0},"end":{"line":391,"column":null}},"25":{"start":{"line":393,"column":0},"end":{"line":393,"column":null}},"26":{"start":{"line":394,"column":0},"end":{"line":394,"column":null}},"27":{"start":{"line":395,"column":0},"end":{"line":395,"column":null}},"28":{"start":{"line":397,"column":0},"end":{"line":397,"column":null}},"29":{"start":{"line":399,"column":0},"end":{"line":399,"column":null}},"30":{"start":{"line":400,"column":0},"end":{"line":400,"column":null}},"31":{"start":{"line":401,"column":0},"end":{"line":401,"column":null}},"32":{"start":{"line":404,"column":0},"end":{"line":404,"column":null}},"33":{"start":{"line":407,"column":0},"end":{"line":407,"column":null}},"34":{"start":{"line":410,"column":0},"end":{"line":415,"column":null}},"35":{"start":{"line":411,"column":0},"end":{"line":411,"column":null}},"36":{"start":{"line":413,"column":0},"end":{"line":413,"column":null}},"37":{"start":{"line":414,"column":0},"end":{"line":414,"column":null}},"38":{"start":{"line":418,"column":0},"end":{"line":423,"column":null}},"39":{"start":{"line":419,"column":0},"end":{"line":419,"column":null}},"40":{"start":{"line":421,"column":0},"end":{"line":421,"column":null}},"41":{"start":{"line":422,"column":0},"end":{"line":422,"column":null}},"42":{"start":{"line":426,"column":0},"end":{"line":426,"column":null}},"43":{"start":{"line":427,"column":0},"end":{"line":432,"column":null}},"44":{"start":{"line":428,"column":0},"end":{"line":428,"column":null}},"45":{"start":{"line":430,"column":0},"end":{"line":430,"column":null}},"46":{"start":{"line":431,"column":0},"end":{"line":431,"column":null}},"47":{"start":{"line":435,"column":0},"end":{"line":440,"column":null}},"48":{"start":{"line":436,"column":0},"end":{"line":436,"column":null}},"49":{"start":{"line":438,"column":0},"end":{"line":438,"column":null}},"50":{"start":{"line":439,"column":0},"end":{"line":439,"column":null}},"51":{"start":{"line":443,"column":0},"end":{"line":448,"column":null}},"52":{"start":{"line":444,"column":0},"end":{"line":444,"column":null}},"53":{"start":{"line":446,"column":0},"end":{"line":446,"column":null}},"54":{"start":{"line":447,"column":0},"end":{"line":447,"column":null}},"55":{"start":{"line":451,"column":0},"end":{"line":456,"column":null}},"56":{"start":{"line":452,"column":0},"end":{"line":452,"column":null}},"57":{"start":{"line":454,"column":0},"end":{"line":454,"column":null}},"58":{"start":{"line":455,"column":0},"end":{"line":455,"column":null}},"59":{"start":{"line":459,"column":0},"end":{"line":465,"column":null}},"60":{"start":{"line":460,"column":0},"end":{"line":460,"column":null}},"61":{"start":{"line":462,"column":0},"end":{"line":462,"column":null}},"62":{"start":{"line":463,"column":0},"end":{"line":463,"column":null}},"63":{"start":{"line":464,"column":0},"end":{"line":464,"column":null}},"64":{"start":{"line":468,"column":0},"end":{"line":474,"column":null}},"65":{"start":{"line":469,"column":0},"end":{"line":469,"column":null}},"66":{"start":{"line":471,"column":0},"end":{"line":471,"column":null}},"67":{"start":{"line":472,"column":0},"end":{"line":472,"column":null}},"68":{"start":{"line":473,"column":0},"end":{"line":473,"column":null}},"69":{"start":{"line":477,"column":0},"end":{"line":483,"column":null}},"70":{"start":{"line":478,"column":0},"end":{"line":478,"column":null}},"71":{"start":{"line":479,"column":0},"end":{"line":479,"column":null}},"72":{"start":{"line":480,"column":0},"end":{"line":480,"column":null}},"73":{"start":{"line":481,"column":0},"end":{"line":481,"column":null}},"74":{"start":{"line":482,"column":0},"end":{"line":482,"column":null}},"75":{"start":{"line":487,"column":0},"end":{"line":495,"column":null}},"76":{"start":{"line":488,"column":0},"end":{"line":488,"column":null}},"77":{"start":{"line":489,"column":0},"end":{"line":495,"column":null}},"78":{"start":{"line":490,"column":0},"end":{"line":490,"column":null}},"79":{"start":{"line":491,"column":0},"end":{"line":495,"column":null}},"80":{"start":{"line":492,"column":0},"end":{"line":492,"column":null}},"81":{"start":{"line":494,"column":0},"end":{"line":494,"column":null}},"82":{"start":{"line":496,"column":0},"end":{"line":496,"column":null}},"83":{"start":{"line":499,"column":0},"end":{"line":505,"column":null}},"84":{"start":{"line":500,"column":0},"end":{"line":500,"column":null}},"85":{"start":{"line":501,"column":0},"end":{"line":501,"column":null}},"86":{"start":{"line":503,"column":0},"end":{"line":503,"column":null}},"87":{"start":{"line":504,"column":0},"end":{"line":504,"column":null}},"88":{"start":{"line":510,"column":0},"end":{"line":516,"column":null}},"89":{"start":{"line":511,"column":0},"end":{"line":511,"column":null}},"90":{"start":{"line":512,"column":0},"end":{"line":512,"column":null}},"91":{"start":{"line":514,"column":0},"end":{"line":514,"column":null}},"92":{"start":{"line":515,"column":0},"end":{"line":515,"column":null}},"93":{"start":{"line":519,"column":0},"end":{"line":525,"column":null}},"94":{"start":{"line":520,"column":0},"end":{"line":520,"column":null}},"95":{"start":{"line":521,"column":0},"end":{"line":521,"column":null}},"96":{"start":{"line":523,"column":0},"end":{"line":523,"column":null}},"97":{"start":{"line":524,"column":0},"end":{"line":524,"column":null}},"98":{"start":{"line":533,"column":0},"end":{"line":533,"column":null}},"99":{"start":{"line":536,"column":0},"end":{"line":536,"column":null}}},"fnMap":{"0":{"name":"(anonymous_1)","decl":{"start":{"line":320,"column":0},"end":{"line":320,"column":null}},"loc":{"start":{"line":320,"column":0},"end":{"line":352,"column":null}}},"1":{"name":"(anonymous_2)","decl":{"start":{"line":358,"column":0},"end":{"line":358,"column":null}},"loc":{"start":{"line":358,"column":0},"end":{"line":360,"column":null}}},"2":{"name":"(anonymous_3)","decl":{"start":{"line":361,"column":0},"end":{"line":361,"column":null}},"loc":{"start":{"line":361,"column":0},"end":{"line":402,"column":null}}},"3":{"name":"(anonymous_4)","decl":{"start":{"line":403,"column":0},"end":{"line":403,"column":null}},"loc":{"start":{"line":403,"column":0},"end":{"line":405,"column":null}}},"4":{"name":"(anonymous_5)","decl":{"start":{"line":406,"column":0},"end":{"line":406,"column":null}},"loc":{"start":{"line":406,"column":0},"end":{"line":408,"column":null}}},"5":{"name":"(anonymous_6)","decl":{"start":{"line":409,"column":0},"end":{"line":409,"column":null}},"loc":{"start":{"line":409,"column":0},"end":{"line":416,"column":null}}},"6":{"name":"(anonymous_7)","decl":{"start":{"line":417,"column":0},"end":{"line":417,"column":null}},"loc":{"start":{"line":417,"column":0},"end":{"line":424,"column":null}}},"7":{"name":"(anonymous_8)","decl":{"start":{"line":425,"column":0},"end":{"line":425,"column":null}},"loc":{"start":{"line":425,"column":0},"end":{"line":433,"column":null}}},"8":{"name":"(anonymous_9)","decl":{"start":{"line":434,"column":0},"end":{"line":434,"column":null}},"loc":{"start":{"line":434,"column":0},"end":{"line":441,"column":null}}},"9":{"name":"(anonymous_10)","decl":{"start":{"line":442,"column":0},"end":{"line":442,"column":null}},"loc":{"start":{"line":442,"column":0},"end":{"line":449,"column":null}}},"10":{"name":"(anonymous_11)","decl":{"start":{"line":450,"column":0},"end":{"line":450,"column":null}},"loc":{"start":{"line":450,"column":0},"end":{"line":457,"column":null}}},"11":{"name":"(anonymous_12)","decl":{"start":{"line":458,"column":0},"end":{"line":458,"column":null}},"loc":{"start":{"line":458,"column":0},"end":{"line":466,"column":null}}},"12":{"name":"(anonymous_13)","decl":{"start":{"line":467,"column":0},"end":{"line":467,"column":null}},"loc":{"start":{"line":467,"column":0},"end":{"line":475,"column":null}}},"13":{"name":"(anonymous_14)","decl":{"start":{"line":476,"column":0},"end":{"line":476,"column":null}},"loc":{"start":{"line":476,"column":0},"end":{"line":485,"column":null}}},"14":{"name":"(anonymous_15)","decl":{"start":{"line":486,"column":0},"end":{"line":486,"column":null}},"loc":{"start":{"line":486,"column":0},"end":{"line":497,"column":null}}},"15":{"name":"(anonymous_16)","decl":{"start":{"line":498,"column":0},"end":{"line":498,"column":null}},"loc":{"start":{"line":498,"column":0},"end":{"line":508,"column":null}}},"16":{"name":"(anonymous_17)","decl":{"start":{"line":509,"column":0},"end":{"line":509,"column":null}},"loc":{"start":{"line":509,"column":0},"end":{"line":517,"column":null}}},"17":{"name":"(anonymous_18)","decl":{"start":{"line":518,"column":0},"end":{"line":518,"column":null}},"loc":{"start":{"line":518,"column":0},"end":{"line":528,"column":null}}},"18":{"name":"(anonymous_19)","decl":{"start":{"line":532,"column":0},"end":{"line":532,"column":null}},"loc":{"start":{"line":532,"column":0},"end":{"line":534,"column":null}}},"19":{"name":"(anonymous_20)","decl":{"start":{"line":535,"column":0},"end":{"line":535,"column":null}},"loc":{"start":{"line":535,"column":0},"end":{"line":537,"column":null}}}},"branchMap":{"0":{"loc":{"start":{"line":359,"column":0},"end":{"line":359,"column":null}},"type":"cond-expr","locations":[{"start":{"line":359,"column":0},"end":{"line":359,"column":null}},{"start":{"line":359,"column":0},"end":{"line":359,"column":null}}]},"1":{"loc":{"start":{"line":361,"column":0},"end":{"line":361,"column":null}},"type":"default-arg","locations":[{"start":{"line":361,"column":0},"end":{"line":361,"column":null}}]},"2":{"loc":{"start":{"line":364,"column":0},"end":{"line":367,"column":null}},"type":"switch","locations":[{"start":{"line":364,"column":0},"end":{"line":367,"column":null}},{"start":{"line":368,"column":0},"end":{"line":371,"column":null}},{"start":{"line":372,"column":0},"end":{"line":375,"column":null}},{"start":{"line":376,"column":0},"end":{"line":379,"column":null}},{"start":{"line":380,"column":0},"end":{"line":383,"column":null}},{"start":{"line":384,"column":0},"end":{"line":387,"column":null}},{"start":{"line":388,"column":0},"end":{"line":391,"column":null}},{"start":{"line":392,"column":0},"end":{"line":395,"column":null}},{"start":{"line":396,"column":0},"end":{"line":397,"column":null}}]},"3":{"loc":{"start":{"line":410,"column":0},"end":{"line":415,"column":null}},"type":"if","locations":[{"start":{"line":410,"column":0},"end":{"line":415,"column":null}},{"start":{"line":410,"column":0},"end":{"line":415,"column":null}}]},"4":{"loc":{"start":{"line":410,"column":0},"end":{"line":410,"column":null}},"type":"binary-expr","locations":[{"start":{"line":410,"column":0},"end":{"line":410,"column":null}},{"start":{"line":410,"column":0},"end":{"line":410,"column":null}},{"start":{"line":410,"column":0},"end":{"line":410,"column":null}},{"start":{"line":410,"column":0},"end":{"line":410,"column":null}},{"start":{"line":410,"column":0},"end":{"line":410,"column":null}},{"start":{"line":410,"column":0},"end":{"line":410,"column":null}}]},"5":{"loc":{"start":{"line":418,"column":0},"end":{"line":423,"column":null}},"type":"if","locations":[{"start":{"line":418,"column":0},"end":{"line":423,"column":null}},{"start":{"line":418,"column":0},"end":{"line":423,"column":null}}]},"6":{"loc":{"start":{"line":418,"column":0},"end":{"line":418,"column":null}},"type":"binary-expr","locations":[{"start":{"line":418,"column":0},"end":{"line":418,"column":null}},{"start":{"line":418,"column":0},"end":{"line":418,"column":null}},{"start":{"line":418,"column":0},"end":{"line":418,"column":null}},{"start":{"line":418,"column":0},"end":{"line":418,"column":null}},{"start":{"line":418,"column":0},"end":{"line":418,"column":null}}]},"7":{"loc":{"start":{"line":427,"column":0},"end":{"line":432,"column":null}},"type":"if","locations":[{"start":{"line":427,"column":0},"end":{"line":432,"column":null}},{"start":{"line":427,"column":0},"end":{"line":432,"column":null}}]},"8":{"loc":{"start":{"line":427,"column":0},"end":{"line":427,"column":null}},"type":"binary-expr","locations":[{"start":{"line":427,"column":0},"end":{"line":427,"column":null}},{"start":{"line":427,"column":0},"end":{"line":427,"column":null}},{"start":{"line":427,"column":0},"end":{"line":427,"column":null}},{"start":{"line":427,"column":0},"end":{"line":427,"column":null}},{"start":{"line":427,"column":0},"end":{"line":427,"column":null}}]},"9":{"loc":{"start":{"line":435,"column":0},"end":{"line":440,"column":null}},"type":"if","locations":[{"start":{"line":435,"column":0},"end":{"line":440,"column":null}},{"start":{"line":435,"column":0},"end":{"line":440,"column":null}}]},"10":{"loc":{"start":{"line":435,"column":0},"end":{"line":435,"column":null}},"type":"binary-expr","locations":[{"start":{"line":435,"column":0},"end":{"line":435,"column":null}},{"start":{"line":435,"column":0},"end":{"line":435,"column":null}},{"start":{"line":435,"column":0},"end":{"line":435,"column":null}},{"start":{"line":435,"column":0},"end":{"line":435,"column":null}},{"start":{"line":435,"column":0},"end":{"line":435,"column":null}}]},"11":{"loc":{"start":{"line":443,"column":0},"end":{"line":448,"column":null}},"type":"if","locations":[{"start":{"line":443,"column":0},"end":{"line":448,"column":null}},{"start":{"line":443,"column":0},"end":{"line":448,"column":null}}]},"12":{"loc":{"start":{"line":443,"column":0},"end":{"line":443,"column":null}},"type":"binary-expr","locations":[{"start":{"line":443,"column":0},"end":{"line":443,"column":null}},{"start":{"line":443,"column":0},"end":{"line":443,"column":null}},{"start":{"line":443,"column":0},"end":{"line":443,"column":null}},{"start":{"line":443,"column":0},"end":{"line":443,"column":null}},{"start":{"line":443,"column":0},"end":{"line":443,"column":null}}]},"13":{"loc":{"start":{"line":451,"column":0},"end":{"line":456,"column":null}},"type":"if","locations":[{"start":{"line":451,"column":0},"end":{"line":456,"column":null}},{"start":{"line":451,"column":0},"end":{"line":456,"column":null}}]},"14":{"loc":{"start":{"line":451,"column":0},"end":{"line":451,"column":null}},"type":"binary-expr","locations":[{"start":{"line":451,"column":0},"end":{"line":451,"column":null}},{"start":{"line":451,"column":0},"end":{"line":451,"column":null}},{"start":{"line":451,"column":0},"end":{"line":451,"column":null}},{"start":{"line":451,"column":0},"end":{"line":451,"column":null}},{"start":{"line":451,"column":0},"end":{"line":451,"column":null}}]},"15":{"loc":{"start":{"line":459,"column":0},"end":{"line":465,"column":null}},"type":"if","locations":[{"start":{"line":459,"column":0},"end":{"line":465,"column":null}},{"start":{"line":459,"column":0},"end":{"line":465,"column":null}}]},"16":{"loc":{"start":{"line":459,"column":0},"end":{"line":459,"column":null}},"type":"binary-expr","locations":[{"start":{"line":459,"column":0},"end":{"line":459,"column":null}},{"start":{"line":459,"column":0},"end":{"line":459,"column":null}}]},"17":{"loc":{"start":{"line":468,"column":0},"end":{"line":474,"column":null}},"type":"if","locations":[{"start":{"line":468,"column":0},"end":{"line":474,"column":null}},{"start":{"line":468,"column":0},"end":{"line":474,"column":null}}]},"18":{"loc":{"start":{"line":468,"column":0},"end":{"line":468,"column":null}},"type":"binary-expr","locations":[{"start":{"line":468,"column":0},"end":{"line":468,"column":null}},{"start":{"line":468,"column":0},"end":{"line":468,"column":null}},{"start":{"line":468,"column":0},"end":{"line":468,"column":null}}]},"19":{"loc":{"start":{"line":477,"column":0},"end":{"line":483,"column":null}},"type":"if","locations":[{"start":{"line":477,"column":0},"end":{"line":483,"column":null}},{"start":{"line":477,"column":0},"end":{"line":483,"column":null}}]},"20":{"loc":{"start":{"line":477,"column":0},"end":{"line":477,"column":null}},"type":"binary-expr","locations":[{"start":{"line":477,"column":0},"end":{"line":477,"column":null}},{"start":{"line":477,"column":0},"end":{"line":477,"column":null}}]},"21":{"loc":{"start":{"line":487,"column":0},"end":{"line":495,"column":null}},"type":"if","locations":[{"start":{"line":487,"column":0},"end":{"line":495,"column":null}},{"start":{"line":487,"column":0},"end":{"line":495,"column":null}}]},"22":{"loc":{"start":{"line":489,"column":0},"end":{"line":495,"column":null}},"type":"if","locations":[{"start":{"line":489,"column":0},"end":{"line":495,"column":null}},{"start":{"line":489,"column":0},"end":{"line":495,"column":null}}]},"23":{"loc":{"start":{"line":489,"column":0},"end":{"line":489,"column":null}},"type":"binary-expr","locations":[{"start":{"line":489,"column":0},"end":{"line":489,"column":null}},{"start":{"line":489,"column":0},"end":{"line":489,"column":null}}]},"24":{"loc":{"start":{"line":491,"column":0},"end":{"line":495,"column":null}},"type":"if","locations":[{"start":{"line":491,"column":0},"end":{"line":495,"column":null}},{"start":{"line":491,"column":0},"end":{"line":495,"column":null}}]},"25":{"loc":{"start":{"line":499,"column":0},"end":{"line":505,"column":null}},"type":"if","locations":[{"start":{"line":499,"column":0},"end":{"line":505,"column":null}},{"start":{"line":499,"column":0},"end":{"line":505,"column":null}}]},"26":{"loc":{"start":{"line":510,"column":0},"end":{"line":516,"column":null}},"type":"if","locations":[{"start":{"line":510,"column":0},"end":{"line":516,"column":null}},{"start":{"line":510,"column":0},"end":{"line":516,"column":null}}]},"27":{"loc":{"start":{"line":519,"column":0},"end":{"line":525,"column":null}},"type":"if","locations":[{"start":{"line":519,"column":0},"end":{"line":525,"column":null}},{"start":{"line":519,"column":0},"end":{"line":525,"column":null}}]}},"s":{"0":23,"1":3658,"2":16,"3":16,"4":2,"5":2,"6":2,"7":2,"8":2,"9":2,"10":2,"11":2,"12":2,"13":2,"14":2,"15":2,"16":2,"17":2,"18":2,"19":2,"20":2,"21":2,"22":2,"23":2,"24":2,"25":2,"26":2,"27":2,"28":0,"29":16,"30":16,"31":16,"32":0,"33":0,"34":2,"35":1,"36":1,"37":1,"38":2,"39":1,"40":1,"41":1,"42":2,"43":2,"44":1,"45":1,"46":1,"47":2,"48":1,"49":1,"50":1,"51":2,"52":1,"53":1,"54":1,"55":2,"56":1,"57":1,"58":1,"59":2,"60":1,"61":1,"62":1,"63":1,"64":2,"65":1,"66":1,"67":1,"68":1,"69":0,"70":0,"71":0,"72":0,"73":0,"74":0,"75":16,"76":0,"77":16,"78":8,"79":8,"80":0,"81":8,"82":16,"83":1,"84":1,"85":1,"86":0,"87":0,"88":2,"89":1,"90":1,"91":1,"92":1,"93":2,"94":1,"95":1,"96":1,"97":1,"98":16,"99":16},"f":{"0":23,"1":3658,"2":16,"3":0,"4":0,"5":2,"6":2,"7":2,"8":2,"9":2,"10":2,"11":2,"12":2,"13":0,"14":16,"15":1,"16":2,"17":2,"18":16,"19":16},"b":{"0":[1845,1813],"1":[0],"2":[2,2,2,2,2,2,2,2,0],"3":[1,1],"4":[2,2,2,2,2,1],"5":[1,1],"6":[2,2,2,2,1],"7":[1,1],"8":[2,1,1,1,1],"9":[1,1],"10":[2,2,2,2,1],"11":[1,1],"12":[2,2,2,2,2],"13":[1,1],"14":[2,1,1,1,1],"15":[1,1],"16":[2,2],"17":[1,1],"18":[2,1,1],"19":[0,0],"20":[0,0],"21":[0,16],"22":[8,8],"23":[16,8],"24":[0,8],"25":[1,0],"26":[1,1],"27":[1,1]}}
}
