TN:
SF:.eslintrc.js
FNF:0
FNH:0
DA:1,0
LF:1
LH:0
BRDA:14,0,0,0
BRDA:14,0,1,0
BRDA:15,1,0,0
BRDA:15,1,1,0
BRF:4
BRH:0
end_of_record
TN:
SF:babel.config.js
FNF:0
FNH:0
DA:1,0
LF:1
LH:0
BRF:0
BRH:0
end_of_record
TN:
SF:src\App.vue
FN:19,(anonymous_1)
FNF:1
FNH:0
FNDA:0,(anonymous_1)
DA:13,0
DA:14,0
DA:15,0
DA:20,0
LF:4
LH:0
BRF:0
BRH:0
end_of_record
TN:
SF:src\main.js
FN:8,(anonymous_0)
FNF:1
FNH:0
FNDA:0,(anonymous_0)
DA:5,0
DA:7,0
DA:8,0
LF:3
LH:0
BRF:0
BRH:0
end_of_record
TN:
SF:src\components\Calculator.vue
FN:320,(anonymous_1)
FN:358,(anonymous_2)
FN:361,(anonymous_3)
FN:403,(anonymous_4)
FN:406,(anonymous_5)
FN:409,(anonymous_6)
FN:417,(anonymous_7)
FN:425,(anonymous_8)
FN:434,(anonymous_9)
FN:442,(anonymous_10)
FN:450,(anonymous_11)
FN:458,(anonymous_12)
FN:467,(anonymous_13)
FN:476,(anonymous_14)
FN:486,(anonymous_15)
FN:498,(anonymous_16)
FN:509,(anonymous_17)
FN:518,(anonymous_18)
FN:532,(anonymous_19)
FN:535,(anonymous_20)
FNF:20
FNH:16
FNDA:21,(anonymous_1)
FNDA:3658,(anonymous_2)
FNDA:16,(anonymous_3)
FNDA:0,(anonymous_4)
FNDA:0,(anonymous_5)
FNDA:2,(anonymous_6)
FNDA:2,(anonymous_7)
FNDA:2,(anonymous_8)
FNDA:2,(anonymous_9)
FNDA:2,(anonymous_10)
FNDA:2,(anonymous_11)
FNDA:2,(anonymous_12)
FNDA:2,(anonymous_13)
FNDA:0,(anonymous_14)
FNDA:16,(anonymous_15)
FNDA:1,(anonymous_16)
FNDA:0,(anonymous_17)
FNDA:2,(anonymous_18)
FNDA:16,(anonymous_19)
FNDA:16,(anonymous_20)
DA:321,21
DA:359,3658
DA:362,16
DA:363,16
DA:365,2
DA:366,2
DA:367,2
DA:369,2
DA:370,2
DA:371,2
DA:373,2
DA:374,2
DA:375,2
DA:377,2
DA:378,2
DA:379,2
DA:381,2
DA:382,2
DA:383,2
DA:385,2
DA:386,2
DA:387,2
DA:389,2
DA:390,2
DA:391,2
DA:393,2
DA:394,2
DA:395,2
DA:397,0
DA:399,16
DA:400,16
DA:401,16
DA:404,0
DA:407,0
DA:410,2
DA:411,1
DA:413,1
DA:414,1
DA:418,2
DA:419,1
DA:421,1
DA:422,1
DA:426,2
DA:427,2
DA:428,1
DA:430,1
DA:431,1
DA:435,2
DA:436,1
DA:438,1
DA:439,1
DA:443,2
DA:444,1
DA:446,1
DA:447,1
DA:451,2
DA:452,1
DA:454,1
DA:455,1
DA:459,2
DA:460,1
DA:462,1
DA:463,1
DA:464,1
DA:468,2
DA:469,1
DA:471,1
DA:472,1
DA:473,1
DA:477,0
DA:478,0
DA:479,0
DA:480,0
DA:481,0
DA:482,0
DA:487,16
DA:488,0
DA:489,16
DA:490,8
DA:491,8
DA:492,0
DA:494,8
DA:496,16
DA:499,1
DA:500,1
DA:501,1
DA:503,0
DA:504,0
DA:510,0
DA:511,0
DA:512,0
DA:514,0
DA:515,0
DA:519,2
DA:520,1
DA:521,1
DA:523,1
DA:524,1
DA:533,16
DA:536,16
LF:100
LH:82
BRDA:359,0,0,1845
BRDA:359,0,1,1813
BRDA:361,1,0,0
BRDA:364,2,0,2
BRDA:364,2,1,2
BRDA:364,2,2,2
BRDA:364,2,3,2
BRDA:364,2,4,2
BRDA:364,2,5,2
BRDA:364,2,6,2
BRDA:364,2,7,2
BRDA:364,2,8,0
BRDA:410,3,0,1
BRDA:410,3,1,1
BRDA:410,4,0,2
BRDA:410,4,1,2
BRDA:410,4,2,2
BRDA:410,4,3,2
BRDA:410,4,4,2
BRDA:410,4,5,1
BRDA:418,5,0,1
BRDA:418,5,1,1
BRDA:418,6,0,2
BRDA:418,6,1,2
BRDA:418,6,2,2
BRDA:418,6,3,2
BRDA:418,6,4,1
BRDA:427,7,0,1
BRDA:427,7,1,1
BRDA:427,8,0,2
BRDA:427,8,1,1
BRDA:427,8,2,1
BRDA:427,8,3,1
BRDA:427,8,4,1
BRDA:435,9,0,1
BRDA:435,9,1,1
BRDA:435,10,0,2
BRDA:435,10,1,2
BRDA:435,10,2,2
BRDA:435,10,3,2
BRDA:435,10,4,1
BRDA:443,11,0,1
BRDA:443,11,1,1
BRDA:443,12,0,2
BRDA:443,12,1,2
BRDA:443,12,2,2
BRDA:443,12,3,2
BRDA:443,12,4,2
BRDA:451,13,0,1
BRDA:451,13,1,1
BRDA:451,14,0,2
BRDA:451,14,1,1
BRDA:451,14,2,1
BRDA:451,14,3,1
BRDA:451,14,4,1
BRDA:459,15,0,1
BRDA:459,15,1,1
BRDA:459,16,0,2
BRDA:459,16,1,2
BRDA:468,17,0,1
BRDA:468,17,1,1
BRDA:468,18,0,2
BRDA:468,18,1,1
BRDA:468,18,2,1
BRDA:477,19,0,0
BRDA:477,19,1,0
BRDA:477,20,0,0
BRDA:477,20,1,0
BRDA:487,21,0,0
BRDA:487,21,1,16
BRDA:489,22,0,8
BRDA:489,22,1,8
BRDA:489,23,0,16
BRDA:489,23,1,8
BRDA:491,24,0,0
BRDA:491,24,1,8
BRDA:499,25,0,1
BRDA:499,25,1,0
BRDA:510,26,0,0
BRDA:510,26,1,0
BRDA:519,27,0,1
BRDA:519,27,1,1
BRF:82
BRH:71
end_of_record
