TN:
SF:.eslintrc.js
FNF:0
FNH:0
DA:1,0
LF:1
LH:0
BRDA:14,0,0,0
BRDA:14,0,1,0
BRDA:15,1,0,0
BRDA:15,1,1,0
BRF:4
BRH:0
end_of_record
TN:
SF:babel.config.js
FNF:0
FNH:0
DA:1,0
LF:1
LH:0
BRF:0
BRH:0
end_of_record
TN:
SF:src\App.vue
FN:45,(anonymous_1)
FN:61,(anonymous_2)
FN:64,(anonymous_3)
FN:68,(anonymous_4)
FN:72,(anonymous_5)
FN:77,(anonymous_6)
FN:81,(anonymous_7)
FNF:7
FNH:0
FNDA:0,(anonymous_1)
FNDA:0,(anonymous_2)
FNDA:0,(anonymous_3)
FNDA:0,(anonymous_4)
FNDA:0,(anonymous_5)
FNDA:0,(anonymous_6)
FNDA:0,(anonymous_7)
DA:38,0
DA:39,0
DA:40,0
DA:41,0
DA:46,0
DA:62,0
DA:65,0
DA:66,0
DA:69,0
DA:70,0
DA:73,0
DA:74,0
DA:78,0
DA:79,0
DA:82,0
DA:83,0
LF:16
LH:0
BRF:0
BRH:0
end_of_record
TN:
SF:src\AppMain.vue
FN:45,(anonymous_1)
FN:71,(anonymous_2)
FN:82,(anonymous_3)
FN:83,(anonymous_4)
FN:88,(anonymous_5)
FN:91,(anonymous_6)
FN:97,(anonymous_7)
FNF:7
FNH:0
FNDA:0,(anonymous_1)
FNDA:0,(anonymous_2)
FNDA:0,(anonymous_3)
FNDA:0,(anonymous_4)
FNDA:0,(anonymous_5)
FNDA:0,(anonymous_6)
FNDA:0,(anonymous_7)
DA:37,0
DA:38,0
DA:39,0
DA:40,0
DA:46,0
DA:72,0
DA:83,0
DA:89,0
DA:92,0
DA:93,0
DA:107,0
LF:11
LH:0
BRF:0
BRH:0
end_of_record
TN:
SF:src\main.js
FN:19,(anonymous_0)
FNF:1
FNH:0
FNDA:0,(anonymous_0)
DA:12,0
DA:13,0
DA:15,0
DA:18,0
DA:19,0
LF:5
LH:0
BRF:0
BRH:0
end_of_record
TN:
SF:src\components\AddCostsForm.vue
FN:109,(anonymous_1)
FN:119,(anonymous_2)
FN:126,(anonymous_3)
FN:136,(anonymous_4)
FN:142,(anonymous_5)
FN:149,(anonymous_6)
FN:154,(anonymous_7)
FN:157,(anonymous_8)
FN:162,(anonymous_9)
FN:169,(anonymous_10)
FN:173,(anonymous_11)
FNF:11
FNH:3
FNDA:1,(anonymous_1)
FNDA:0,(anonymous_2)
FNDA:0,(anonymous_3)
FNDA:0,(anonymous_4)
FNDA:0,(anonymous_5)
FNDA:0,(anonymous_6)
FNDA:0,(anonymous_7)
FNDA:0,(anonymous_8)
FNDA:0,(anonymous_9)
FNDA:1,(anonymous_10)
FNDA:1,(anonymous_11)
DA:105,1
DA:110,1
DA:120,0
DA:127,0
DA:128,0
DA:134,0
DA:137,0
DA:138,0
DA:139,0
DA:140,0
DA:143,0
DA:150,0
DA:155,0
DA:158,0
DA:163,0
DA:164,0
DA:165,0
DA:166,0
DA:167,0
DA:170,1
DA:174,1
LF:21
LH:4
BRDA:130,0,0,0
BRDA:130,0,1,0
BRF:2
BRH:0
end_of_record
TN:
SF:src\components\CostsTable.vue
FN:78,(anonymous_1)
FN:83,(anonymous_2)
FN:89,(anonymous_3)
FN:106,(anonymous_4)
FN:111,(anonymous_5)
FN:118,(anonymous_6)
FN:127,(anonymous_7)
FN:130,(anonymous_8)
FN:137,(anonymous_9)
FN:164,(anonymous_10)
FN:166,(anonymous_11)
FN:172,(anonymous_12)
FN:182,(anonymous_13)
FN:195,(anonymous_14)
FN:197,(anonymous_15)
FN:200,(anonymous_16)
FN:220,(anonymous_17)
FN:223,(anonymous_18)
FNF:18
FNH:0
FNDA:0,(anonymous_1)
FNDA:0,(anonymous_2)
FNDA:0,(anonymous_3)
FNDA:0,(anonymous_4)
FNDA:0,(anonymous_5)
FNDA:0,(anonymous_6)
FNDA:0,(anonymous_7)
FNDA:0,(anonymous_8)
FNDA:0,(anonymous_9)
FNDA:0,(anonymous_10)
FNDA:0,(anonymous_11)
FNDA:0,(anonymous_12)
FNDA:0,(anonymous_13)
FNDA:0,(anonymous_14)
FNDA:0,(anonymous_15)
FNDA:0,(anonymous_16)
FNDA:0,(anonymous_17)
FNDA:0,(anonymous_18)
DA:68,0
DA:69,0
DA:78,0
DA:83,0
DA:90,0
DA:107,0
DA:108,0
DA:112,0
DA:113,0
DA:119,0
DA:120,0
DA:121,0
DA:125,0
DA:128,0
DA:131,0
DA:138,0
DA:150,0
DA:151,0
DA:158,0
DA:159,0
DA:160,0
DA:161,0
DA:165,0
DA:166,0
DA:167,0
DA:168,0
DA:169,0
DA:170,0
DA:172,0
DA:173,0
DA:182,0
DA:183,0
DA:185,0
DA:190,0
DA:191,0
DA:196,0
DA:197,0
DA:198,0
DA:199,0
DA:200,0
DA:201,0
DA:208,0
LF:42
LH:0
BRDA:169,0,0,0
BRDA:169,0,1,0
BRF:2
BRH:0
end_of_record
TN:
SF:src\components\Header.vue
FN:19,(anonymous_1)
FN:25,(anonymous_2)
FNF:2
FNH:0
FNDA:0,(anonymous_1)
FNDA:0,(anonymous_2)
DA:20,0
DA:26,0
LF:2
LH:0
BRF:0
BRH:0
end_of_record
TN:
SF:src\components\Pagination.vue
FN:38,(anonymous_1)
FN:42,(anonymous_2)
FN:50,(anonymous_3)
FNF:3
FNH:0
FNDA:0,(anonymous_1)
FNDA:0,(anonymous_2)
FNDA:0,(anonymous_3)
DA:38,0
DA:43,0
DA:44,0
DA:46,0
DA:51,0
LF:5
LH:0
BRDA:43,0,0,0
BRDA:43,0,1,0
BRDA:43,1,0,0
BRDA:43,1,1,0
BRF:4
BRH:0
end_of_record
TN:
SF:src\components\db\AppDb.vue
FN:60,(anonymous_1)
FN:74,(anonymous_2)
FN:100,(anonymous_3)
FN:102,(anonymous_4)
FN:108,(anonymous_5)
FN:132,(anonymous_6)
FN:134,(anonymous_7)
FN:137,(anonymous_8)
FN:153,(anonymous_9)
FNF:9
FNH:0
FNDA:0,(anonymous_1)
FNDA:0,(anonymous_2)
FNDA:0,(anonymous_3)
FNDA:0,(anonymous_4)
FNDA:0,(anonymous_5)
FNDA:0,(anonymous_6)
FNDA:0,(anonymous_7)
FNDA:0,(anonymous_8)
FNDA:0,(anonymous_9)
DA:48,0
DA:49,0
DA:50,0
DA:51,0
DA:61,0
DA:75,0
DA:87,0
DA:88,0
DA:94,0
DA:95,0
DA:96,0
DA:97,0
DA:101,0
DA:102,0
DA:103,0
DA:104,0
DA:105,0
DA:106,0
DA:108,0
DA:109,0
DA:118,0
DA:120,0
DA:125,0
DA:126,0
DA:133,0
DA:134,0
DA:135,0
DA:136,0
DA:137,0
DA:138,0
DA:145,0
DA:154,0
LF:32
LH:0
BRDA:105,0,0,0
BRDA:105,0,1,0
BRF:2
BRH:0
end_of_record
TN:
SF:src\components\modal\AddAuthModal.vue
FN:33,(anonymous_1)
FN:37,(anonymous_2)
FNF:2
FNH:0
FNDA:0,(anonymous_1)
FNDA:0,(anonymous_2)
DA:21,0
DA:34,0
DA:38,0
LF:3
LH:0
BRF:0
BRH:0
end_of_record
TN:
SF:src\components\modal\AddCostsModal.vue
FN:37,(anonymous_1)
FN:41,(anonymous_2)
FNF:2
FNH:0
FNDA:0,(anonymous_1)
FNDA:0,(anonymous_2)
DA:22,0
DA:23,0
DA:38,0
DA:42,0
LF:4
LH:0
BRF:0
BRH:0
end_of_record
TN:
SF:src\components\modal\ModalContextMenu.vue
FN:23,(anonymous_1)
FN:32,(anonymous_2)
FN:36,(anonymous_3)
FN:41,(anonymous_4)
FN:46,(anonymous_5)
FN:56,(anonymous_6)
FN:63,(anonymous_7)
FN:67,(anonymous_8)
FNF:8
FNH:0
FNDA:0,(anonymous_1)
FNDA:0,(anonymous_2)
FNDA:0,(anonymous_3)
FNDA:0,(anonymous_4)
FNDA:0,(anonymous_5)
FNDA:0,(anonymous_6)
FNDA:0,(anonymous_7)
FNDA:0,(anonymous_8)
DA:24,0
DA:33,0
DA:34,0
DA:37,0
DA:38,0
DA:39,0
DA:42,0
DA:43,0
DA:44,0
DA:47,0
DA:48,0
DA:49,0
DA:50,0
DA:51,0
DA:57,0
DA:64,0
DA:68,0
LF:17
LH:0
BRF:0
BRH:0
end_of_record
TN:
SF:src\components\modal\__DELETE___editModalWindow.vue
FN:43,(anonymous_1)
FN:54,(anonymous_2)
FN:63,(anonymous_3)
FN:70,(anonymous_4)
FN:73,(anonymous_5)
FNF:5
FNH:0
FNDA:0,(anonymous_1)
FNDA:0,(anonymous_2)
FNDA:0,(anonymous_3)
FNDA:0,(anonymous_4)
FNDA:0,(anonymous_5)
DA:40,0
DA:44,0
DA:55,0
DA:56,0
DA:57,0
DA:59,0
DA:65,0
DA:71,0
DA:74,0
LF:9
LH:0
BRDA:56,0,0,0
BRDA:56,0,1,0
BRF:2
BRH:0
end_of_record
TN:
SF:src\pages\AddTemplateForm.vue
FN:73,(anonymous_1)
FN:86,(anonymous_2)
FN:97,(anonymous_3)
FN:102,(anonymous_4)
FN:105,(anonymous_5)
FN:108,(anonymous_6)
FN:113,(anonymous_7)
FN:141,(anonymous_8)
FNF:8
FNH:0
FNDA:0,(anonymous_1)
FNDA:0,(anonymous_2)
FNDA:0,(anonymous_3)
FNDA:0,(anonymous_4)
FNDA:0,(anonymous_5)
FNDA:0,(anonymous_6)
FNDA:0,(anonymous_7)
FNDA:0,(anonymous_8)
DA:74,0
DA:87,0
DA:88,0
DA:89,0
DA:90,0
DA:91,0
DA:92,0
DA:93,0
DA:95,0
DA:98,0
DA:99,0
DA:100,0
DA:103,0
DA:106,0
DA:109,0
DA:114,0
DA:126,0
DA:127,0
DA:133,0
DA:134,0
DA:135,0
DA:136,0
DA:142,0
DA:143,0
DA:144,0
DA:145,0
DA:147,0
DA:148,0
DA:149,0
DA:150,0
DA:152,0
LF:31
LH:0
BRDA:147,0,0,0
BRDA:147,0,1,0
BRDA:149,1,0,0
BRDA:149,1,1,0
BRF:4
BRH:0
end_of_record
TN:
SF:src\pages\Entertainment.vue
FN:76,(anonymous_1)
FN:87,(anonymous_2)
FN:99,(anonymous_3)
FN:104,(anonymous_4)
FN:107,(anonymous_5)
FN:110,(anonymous_6)
FN:113,(anonymous_7)
FN:121,(anonymous_8)
FNF:8
FNH:0
FNDA:0,(anonymous_1)
FNDA:0,(anonymous_2)
FNDA:0,(anonymous_3)
FNDA:0,(anonymous_4)
FNDA:0,(anonymous_5)
FNDA:0,(anonymous_6)
FNDA:0,(anonymous_7)
FNDA:0,(anonymous_8)
DA:77,0
DA:89,0
DA:90,0
DA:91,0
DA:92,0
DA:93,0
DA:94,0
DA:95,0
DA:97,0
DA:100,0
DA:101,0
DA:102,0
DA:105,0
DA:108,0
DA:111,0
DA:115,0
DA:122,0
DA:123,0
DA:124,0
DA:125,0
DA:127,0
DA:128,0
DA:129,0
DA:130,0
DA:132,0
LF:25
LH:0
BRDA:127,0,0,0
BRDA:127,0,1,0
BRDA:129,1,0,0
BRDA:129,1,1,0
BRF:4
BRH:0
end_of_record
TN:
SF:src\pages\Food.vue
FN:75,(anonymous_1)
FN:87,(anonymous_2)
FN:106,(anonymous_3)
FN:111,(anonymous_4)
FN:114,(anonymous_5)
FN:117,(anonymous_6)
FN:122,(anonymous_7)
FN:150,(anonymous_8)
FNF:8
FNH:0
FNDA:0,(anonymous_1)
FNDA:0,(anonymous_2)
FNDA:0,(anonymous_3)
FNDA:0,(anonymous_4)
FNDA:0,(anonymous_5)
FNDA:0,(anonymous_6)
FNDA:0,(anonymous_7)
FNDA:0,(anonymous_8)
DA:76,0
DA:89,0
DA:90,0
DA:91,0
DA:99,0
DA:100,0
DA:101,0
DA:102,0
DA:104,0
DA:107,0
DA:108,0
DA:109,0
DA:112,0
DA:115,0
DA:118,0
DA:123,0
DA:135,0
DA:136,0
DA:142,0
DA:143,0
DA:144,0
DA:145,0
DA:151,0
DA:152,0
DA:153,0
DA:154,0
DA:156,0
DA:157,0
DA:158,0
DA:159,0
DA:161,0
LF:31
LH:0
BRDA:156,0,0,0
BRDA:156,0,1,0
BRDA:158,1,0,0
BRDA:158,1,1,0
BRF:4
BRH:0
end_of_record
TN:
SF:src\pages\TheAuth.vue
FN:29,(anonymous_1)
FNF:1
FNH:0
FNDA:0,(anonymous_1)
DA:30,0
LF:1
LH:0
BRF:0
BRH:0
end_of_record
TN:
SF:src\pages\TheRegistration.vue
FN:27,(anonymous_1)
FN:42,(anonymous_2)
FN:47,(anonymous_3)
FN:52,(anonymous_4)
FN:56,(anonymous_5)
FNF:5
FNH:0
FNDA:0,(anonymous_1)
FNDA:0,(anonymous_2)
FNDA:0,(anonymous_3)
FNDA:0,(anonymous_4)
FNDA:0,(anonymous_5)
DA:22,0
DA:28,0
DA:43,0
DA:44,0
DA:48,0
DA:49,0
DA:53,0
DA:54,0
DA:57,0
DA:58,0
LF:10
LH:0
BRF:0
BRH:0
end_of_record
TN:
SF:src\pages\Transport.vue
FN:76,(anonymous_1)
FN:87,(anonymous_2)
FN:99,(anonymous_3)
FN:104,(anonymous_4)
FN:107,(anonymous_5)
FN:110,(anonymous_6)
FN:113,(anonymous_7)
FN:121,(anonymous_8)
FN:135,(anonymous_9)
FNF:9
FNH:0
FNDA:0,(anonymous_1)
FNDA:0,(anonymous_2)
FNDA:0,(anonymous_3)
FNDA:0,(anonymous_4)
FNDA:0,(anonymous_5)
FNDA:0,(anonymous_6)
FNDA:0,(anonymous_7)
FNDA:0,(anonymous_8)
FNDA:0,(anonymous_9)
DA:77,0
DA:89,0
DA:90,0
DA:91,0
DA:92,0
DA:93,0
DA:94,0
DA:95,0
DA:97,0
DA:100,0
DA:101,0
DA:102,0
DA:105,0
DA:108,0
DA:111,0
DA:115,0
DA:122,0
DA:123,0
DA:124,0
DA:125,0
DA:127,0
DA:128,0
DA:129,0
DA:130,0
DA:132,0
LF:25
LH:0
BRDA:127,0,0,0
BRDA:127,0,1,0
BRDA:129,1,0,0
BRDA:129,1,1,0
BRF:4
BRH:0
end_of_record
TN:
SF:src\plugins\ContextMenu\index.js
FN:2,(anonymous_0)
FN:13,(anonymous_1)
FN:25,(anonymous_2)
FNF:3
FNH:0
FNDA:0,(anonymous_0)
FNDA:0,(anonymous_1)
FNDA:0,(anonymous_2)
DA:4,0
DA:5,0
DA:8,0
DA:9,0
DA:11,0
DA:14,0
DA:15,0
DA:16,0
DA:17,0
DA:22,0
DA:26,0
DA:27,0
LF:12
LH:0
BRDA:4,0,0,0
BRDA:4,0,1,0
BRDA:15,1,0,0
BRDA:15,1,1,0
BRF:4
BRH:0
end_of_record
TN:
SF:src\plugins\ModalWindow\index.js
FN:3,(anonymous_0)
FN:13,(anonymous_1)
FN:17,(anonymous_2)
FNF:3
FNH:0
FNDA:0,(anonymous_0)
FNDA:0,(anonymous_1)
FNDA:0,(anonymous_2)
DA:5,0
DA:6,0
DA:9,0
DA:11,0
DA:15,0
DA:18,0
LF:6
LH:0
BRDA:5,0,0,0
BRDA:5,0,1,0
BRF:2
BRH:0
end_of_record
TN:
SF:src\router\index.js
FNF:0
FNH:0
DA:11,0
LF:1
LH:0
BRF:0
BRH:0
end_of_record
TN:
SF:src\store\index.js
FN:12,(anonymous_0)
FN:21,(anonymous_1)
FN:24,(anonymous_2)
FN:28,(anonymous_3)
FN:31,(anonymous_4)
FN:40,(anonymous_5)
FN:42,(anonymous_6)
FN:43,(anonymous_7)
FN:45,(anonymous_8)
FN:48,(anonymous_9)
FN:50,(anonymous_10)
FN:51,(anonymous_11)
FN:64,(anonymous_12)
FN:66,(anonymous_13)
FN:67,(anonymous_14)
FN:68,(anonymous_15)
FN:74,(anonymous_16)
FN:77,(anonymous_17)
FNF:18
FNH:0
FNDA:0,(anonymous_0)
FNDA:0,(anonymous_1)
FNDA:0,(anonymous_2)
FNDA:0,(anonymous_3)
FNDA:0,(anonymous_4)
FNDA:0,(anonymous_5)
FNDA:0,(anonymous_6)
FNDA:0,(anonymous_7)
FNDA:0,(anonymous_8)
FNDA:0,(anonymous_9)
FNDA:0,(anonymous_10)
FNDA:0,(anonymous_11)
FNDA:0,(anonymous_12)
FNDA:0,(anonymous_13)
FNDA:0,(anonymous_14)
FNDA:0,(anonymous_15)
FNDA:0,(anonymous_16)
FNDA:0,(anonymous_17)
DA:4,0
DA:19,0
DA:22,0
DA:25,0
DA:29,0
DA:32,0
DA:33,0
DA:40,0
DA:43,0
DA:45,0
DA:49,0
DA:50,0
DA:51,0
DA:52,0
DA:53,0
DA:54,0
DA:61,0
DA:64,0
DA:67,0
DA:68,0
DA:69,0
DA:71,0
DA:74,0
DA:80,0
LF:24
LH:0
BRDA:49,0,0,0
BRDA:49,0,1,0
BRF:2
BRH:0
end_of_record
TN:
SF:src\tests\TestCompVuex.vue
FN:15,(anonymous_1)
FN:24,(anonymous_2)
FNF:2
FNH:0
FNDA:0,(anonymous_1)
FNDA:0,(anonymous_2)
DA:12,0
DA:16,0
DA:25,0
DA:26,0
LF:4
LH:0
BRF:0
BRH:0
end_of_record
TN:
SF:src_calc\App.vue
FN:19,(anonymous_1)
FNF:1
FNH:0
FNDA:0,(anonymous_1)
DA:13,0
DA:14,0
DA:15,0
DA:20,0
LF:4
LH:0
BRF:0
BRH:0
end_of_record
TN:
SF:src_calc\main.js
FN:8,(anonymous_0)
FNF:1
FNH:0
FNDA:0,(anonymous_0)
DA:5,0
DA:7,0
DA:8,0
LF:3
LH:0
BRF:0
BRH:0
end_of_record
TN:
SF:src_calc\components\Calculator.vue
FN:317,(anonymous_1)
FN:355,(anonymous_2)
FN:358,(anonymous_3)
FN:400,(anonymous_4)
FN:403,(anonymous_5)
FN:406,(anonymous_6)
FN:414,(anonymous_7)
FN:422,(anonymous_8)
FN:431,(anonymous_9)
FN:439,(anonymous_10)
FN:447,(anonymous_11)
FN:455,(anonymous_12)
FN:464,(anonymous_13)
FN:473,(anonymous_14)
FN:483,(anonymous_15)
FN:495,(anonymous_16)
FN:506,(anonymous_17)
FN:515,(anonymous_18)
FN:529,(anonymous_19)
FN:532,(anonymous_20)
FNF:20
FNH:8
FNDA:4,(anonymous_1)
FNDA:16,(anonymous_2)
FNDA:2,(anonymous_3)
FNDA:0,(anonymous_4)
FNDA:0,(anonymous_5)
FNDA:1,(anonymous_6)
FNDA:1,(anonymous_7)
FNDA:0,(anonymous_8)
FNDA:0,(anonymous_9)
FNDA:0,(anonymous_10)
FNDA:0,(anonymous_11)
FNDA:0,(anonymous_12)
FNDA:0,(anonymous_13)
FNDA:0,(anonymous_14)
FNDA:2,(anonymous_15)
FNDA:0,(anonymous_16)
FNDA:0,(anonymous_17)
FNDA:0,(anonymous_18)
FNDA:2,(anonymous_19)
FNDA:2,(anonymous_20)
DA:318,4
DA:356,16
DA:359,2
DA:360,2
DA:362,1
DA:363,1
DA:364,1
DA:366,1
DA:367,1
DA:368,1
DA:370,0
DA:371,0
DA:372,0
DA:374,0
DA:375,0
DA:376,0
DA:378,0
DA:379,0
DA:380,0
DA:382,0
DA:383,0
DA:384,0
DA:386,0
DA:387,0
DA:388,0
DA:390,0
DA:391,0
DA:392,0
DA:394,0
DA:396,2
DA:397,2
DA:398,2
DA:401,0
DA:404,0
DA:407,1
DA:408,0
DA:410,1
DA:411,1
DA:415,1
DA:416,0
DA:418,1
DA:419,1
DA:423,0
DA:424,0
DA:425,0
DA:427,0
DA:428,0
DA:432,0
DA:433,0
DA:435,0
DA:436,0
DA:440,0
DA:441,0
DA:443,0
DA:444,0
DA:448,0
DA:449,0
DA:451,0
DA:452,0
DA:456,0
DA:457,0
DA:459,0
DA:460,0
DA:461,0
DA:465,0
DA:466,0
DA:468,0
DA:469,0
DA:470,0
DA:474,0
DA:475,0
DA:476,0
DA:477,0
DA:478,0
DA:479,0
DA:484,2
DA:485,0
DA:486,2
DA:487,2
DA:488,0
DA:489,0
DA:491,0
DA:493,2
DA:496,0
DA:497,0
DA:498,0
DA:500,0
DA:501,0
DA:507,0
DA:508,0
DA:509,0
DA:511,0
DA:512,0
DA:516,0
DA:517,0
DA:518,0
DA:520,0
DA:521,0
DA:530,2
DA:533,2
LF:100
LH:25
BRDA:356,0,0,10
BRDA:356,0,1,6
BRDA:358,1,0,0
BRDA:361,2,0,1
BRDA:361,2,1,1
BRDA:361,2,2,0
BRDA:361,2,3,0
BRDA:361,2,4,0
BRDA:361,2,5,0
BRDA:361,2,6,0
BRDA:361,2,7,0
BRDA:361,2,8,0
BRDA:407,3,0,0
BRDA:407,3,1,1
BRDA:407,4,0,1
BRDA:407,4,1,1
BRDA:407,4,2,1
BRDA:407,4,3,1
BRDA:407,4,4,1
BRDA:407,4,5,1
BRDA:415,5,0,0
BRDA:415,5,1,1
BRDA:415,6,0,1
BRDA:415,6,1,1
BRDA:415,6,2,1
BRDA:415,6,3,1
BRDA:415,6,4,1
BRDA:424,7,0,0
BRDA:424,7,1,0
BRDA:424,8,0,0
BRDA:424,8,1,0
BRDA:424,8,2,0
BRDA:424,8,3,0
BRDA:424,8,4,0
BRDA:432,9,0,0
BRDA:432,9,1,0
BRDA:432,10,0,0
BRDA:432,10,1,0
BRDA:432,10,2,0
BRDA:432,10,3,0
BRDA:432,10,4,0
BRDA:440,11,0,0
BRDA:440,11,1,0
BRDA:440,12,0,0
BRDA:440,12,1,0
BRDA:440,12,2,0
BRDA:440,12,3,0
BRDA:440,12,4,0
BRDA:448,13,0,0
BRDA:448,13,1,0
BRDA:448,14,0,0
BRDA:448,14,1,0
BRDA:448,14,2,0
BRDA:448,14,3,0
BRDA:448,14,4,0
BRDA:456,15,0,0
BRDA:456,15,1,0
BRDA:456,16,0,0
BRDA:456,16,1,0
BRDA:465,17,0,0
BRDA:465,17,1,0
BRDA:465,18,0,0
BRDA:465,18,1,0
BRDA:465,18,2,0
BRDA:474,19,0,0
BRDA:474,19,1,0
BRDA:474,20,0,0
BRDA:474,20,1,0
BRDA:484,21,0,0
BRDA:484,21,1,2
BRDA:486,22,0,2
BRDA:486,22,1,0
BRDA:486,23,0,2
BRDA:486,23,1,2
BRDA:488,24,0,0
BRDA:488,24,1,0
BRDA:496,25,0,0
BRDA:496,25,1,0
BRDA:507,26,0,0
BRDA:507,26,1,0
BRDA:516,27,0,0
BRDA:516,27,1,0
BRF:82
BRH:21
end_of_record
